[2025-03-13T20:36:41.452+0000] {processor.py:153} INFO - Started process (PID=54) to work on /home/airflow/.local/lib/python3.7/site-packages/airflow/example_dags/tutorial_taskflow_api.py
[2025-03-13T20:36:41.453+0000] {processor.py:743} INFO - Processing file /home/airflow/.local/lib/python3.7/site-packages/airflow/example_dags/tutorial_taskflow_api.py for tasks to queue
[2025-03-13T20:36:41.453+0000] {logging_mixin.py:137} INFO - [2025-03-13T20:36:41.453+0000] {dagbag.py:538} INFO - Filling up the DagBag from /home/airflow/.local/lib/python3.7/site-packages/airflow/example_dags/tutorial_taskflow_api.py
[2025-03-13T20:36:41.471+0000] {processor.py:753} INFO - DAG(s) dict_keys(['tutorial_taskflow_api']) retrieved from /home/airflow/.local/lib/python3.7/site-packages/airflow/example_dags/tutorial_taskflow_api.py
[2025-03-13T20:36:41.481+0000] {logging_mixin.py:137} INFO - [2025-03-13T20:36:41.481+0000] {dag.py:2690} INFO - Sync 1 DAGs
[2025-03-13T20:36:41.503+0000] {logging_mixin.py:137} INFO - [2025-03-13T20:36:41.502+0000] {dag.py:3441} INFO - Setting next_dagrun for tutorial_taskflow_api to None, run_after=None
[2025-03-13T20:36:41.517+0000] {processor.py:175} INFO - Processing /home/airflow/.local/lib/python3.7/site-packages/airflow/example_dags/tutorial_taskflow_api.py took 0.068 seconds
[2025-03-13T20:37:12.349+0000] {processor.py:153} INFO - Started process (PID=165) to work on /home/airflow/.local/lib/python3.7/site-packages/airflow/example_dags/tutorial_taskflow_api.py
[2025-03-13T20:37:12.349+0000] {processor.py:743} INFO - Processing file /home/airflow/.local/lib/python3.7/site-packages/airflow/example_dags/tutorial_taskflow_api.py for tasks to queue
[2025-03-13T20:37:12.350+0000] {logging_mixin.py:137} INFO - [2025-03-13T20:37:12.350+0000] {dagbag.py:538} INFO - Filling up the DagBag from /home/airflow/.local/lib/python3.7/site-packages/airflow/example_dags/tutorial_taskflow_api.py
[2025-03-13T20:37:12.366+0000] {processor.py:753} INFO - DAG(s) dict_keys(['tutorial_taskflow_api']) retrieved from /home/airflow/.local/lib/python3.7/site-packages/airflow/example_dags/tutorial_taskflow_api.py
[2025-03-13T20:37:12.384+0000] {logging_mixin.py:137} INFO - [2025-03-13T20:37:12.384+0000] {dag.py:2690} INFO - Sync 1 DAGs
[2025-03-13T20:37:12.401+0000] {logging_mixin.py:137} INFO - [2025-03-13T20:37:12.401+0000] {dag.py:3441} INFO - Setting next_dagrun for tutorial_taskflow_api to None, run_after=None
[2025-03-13T20:37:12.413+0000] {processor.py:175} INFO - Processing /home/airflow/.local/lib/python3.7/site-packages/airflow/example_dags/tutorial_taskflow_api.py took 0.067 seconds
[2025-03-13T20:37:43.182+0000] {processor.py:153} INFO - Started process (PID=252) to work on /home/airflow/.local/lib/python3.7/site-packages/airflow/example_dags/tutorial_taskflow_api.py
[2025-03-13T20:37:43.183+0000] {processor.py:743} INFO - Processing file /home/airflow/.local/lib/python3.7/site-packages/airflow/example_dags/tutorial_taskflow_api.py for tasks to queue
[2025-03-13T20:37:43.183+0000] {logging_mixin.py:137} INFO - [2025-03-13T20:37:43.183+0000] {dagbag.py:538} INFO - Filling up the DagBag from /home/airflow/.local/lib/python3.7/site-packages/airflow/example_dags/tutorial_taskflow_api.py
[2025-03-13T20:37:43.198+0000] {processor.py:753} INFO - DAG(s) dict_keys(['tutorial_taskflow_api']) retrieved from /home/airflow/.local/lib/python3.7/site-packages/airflow/example_dags/tutorial_taskflow_api.py
[2025-03-13T20:37:43.217+0000] {logging_mixin.py:137} INFO - [2025-03-13T20:37:43.217+0000] {dag.py:2690} INFO - Sync 1 DAGs
[2025-03-13T20:37:43.238+0000] {logging_mixin.py:137} INFO - [2025-03-13T20:37:43.238+0000] {dag.py:3441} INFO - Setting next_dagrun for tutorial_taskflow_api to None, run_after=None
[2025-03-13T20:37:43.253+0000] {processor.py:175} INFO - Processing /home/airflow/.local/lib/python3.7/site-packages/airflow/example_dags/tutorial_taskflow_api.py took 0.073 seconds
[2025-03-13T20:38:14.186+0000] {processor.py:153} INFO - Started process (PID=363) to work on /home/airflow/.local/lib/python3.7/site-packages/airflow/example_dags/tutorial_taskflow_api.py
[2025-03-13T20:38:14.193+0000] {processor.py:743} INFO - Processing file /home/airflow/.local/lib/python3.7/site-packages/airflow/example_dags/tutorial_taskflow_api.py for tasks to queue
[2025-03-13T20:38:14.194+0000] {logging_mixin.py:137} INFO - [2025-03-13T20:38:14.193+0000] {dagbag.py:538} INFO - Filling up the DagBag from /home/airflow/.local/lib/python3.7/site-packages/airflow/example_dags/tutorial_taskflow_api.py
[2025-03-13T20:38:14.206+0000] {processor.py:753} INFO - DAG(s) dict_keys(['tutorial_taskflow_api']) retrieved from /home/airflow/.local/lib/python3.7/site-packages/airflow/example_dags/tutorial_taskflow_api.py
[2025-03-13T20:38:14.222+0000] {logging_mixin.py:137} INFO - [2025-03-13T20:38:14.222+0000] {dag.py:2690} INFO - Sync 1 DAGs
[2025-03-13T20:38:14.236+0000] {logging_mixin.py:137} INFO - [2025-03-13T20:38:14.236+0000] {dag.py:3441} INFO - Setting next_dagrun for tutorial_taskflow_api to None, run_after=None
[2025-03-13T20:38:14.246+0000] {processor.py:175} INFO - Processing /home/airflow/.local/lib/python3.7/site-packages/airflow/example_dags/tutorial_taskflow_api.py took 0.062 seconds
[2025-03-13T20:38:44.811+0000] {processor.py:153} INFO - Started process (PID=474) to work on /home/airflow/.local/lib/python3.7/site-packages/airflow/example_dags/tutorial_taskflow_api.py
[2025-03-13T20:38:44.818+0000] {processor.py:743} INFO - Processing file /home/airflow/.local/lib/python3.7/site-packages/airflow/example_dags/tutorial_taskflow_api.py for tasks to queue
[2025-03-13T20:38:44.819+0000] {logging_mixin.py:137} INFO - [2025-03-13T20:38:44.819+0000] {dagbag.py:538} INFO - Filling up the DagBag from /home/airflow/.local/lib/python3.7/site-packages/airflow/example_dags/tutorial_taskflow_api.py
[2025-03-13T20:38:44.836+0000] {processor.py:753} INFO - DAG(s) dict_keys(['tutorial_taskflow_api']) retrieved from /home/airflow/.local/lib/python3.7/site-packages/airflow/example_dags/tutorial_taskflow_api.py
[2025-03-13T20:38:44.858+0000] {logging_mixin.py:137} INFO - [2025-03-13T20:38:44.857+0000] {dag.py:2690} INFO - Sync 1 DAGs
[2025-03-13T20:38:44.877+0000] {logging_mixin.py:137} INFO - [2025-03-13T20:38:44.876+0000] {dag.py:3441} INFO - Setting next_dagrun for tutorial_taskflow_api to None, run_after=None
[2025-03-13T20:38:44.891+0000] {processor.py:175} INFO - Processing /home/airflow/.local/lib/python3.7/site-packages/airflow/example_dags/tutorial_taskflow_api.py took 0.082 seconds
[2025-03-13T20:39:15.542+0000] {processor.py:153} INFO - Started process (PID=561) to work on /home/airflow/.local/lib/python3.7/site-packages/airflow/example_dags/tutorial_taskflow_api.py
[2025-03-13T20:39:15.550+0000] {processor.py:743} INFO - Processing file /home/airflow/.local/lib/python3.7/site-packages/airflow/example_dags/tutorial_taskflow_api.py for tasks to queue
[2025-03-13T20:39:15.551+0000] {logging_mixin.py:137} INFO - [2025-03-13T20:39:15.550+0000] {dagbag.py:538} INFO - Filling up the DagBag from /home/airflow/.local/lib/python3.7/site-packages/airflow/example_dags/tutorial_taskflow_api.py
[2025-03-13T20:39:15.568+0000] {processor.py:753} INFO - DAG(s) dict_keys(['tutorial_taskflow_api']) retrieved from /home/airflow/.local/lib/python3.7/site-packages/airflow/example_dags/tutorial_taskflow_api.py
[2025-03-13T20:39:15.585+0000] {logging_mixin.py:137} INFO - [2025-03-13T20:39:15.585+0000] {dag.py:2690} INFO - Sync 1 DAGs
[2025-03-13T20:39:15.600+0000] {logging_mixin.py:137} INFO - [2025-03-13T20:39:15.600+0000] {dag.py:3441} INFO - Setting next_dagrun for tutorial_taskflow_api to None, run_after=None
[2025-03-13T20:39:15.611+0000] {processor.py:175} INFO - Processing /home/airflow/.local/lib/python3.7/site-packages/airflow/example_dags/tutorial_taskflow_api.py took 0.074 seconds
[2025-03-13T20:39:46.095+0000] {processor.py:153} INFO - Started process (PID=672) to work on /home/airflow/.local/lib/python3.7/site-packages/airflow/example_dags/tutorial_taskflow_api.py
[2025-03-13T20:39:46.096+0000] {processor.py:743} INFO - Processing file /home/airflow/.local/lib/python3.7/site-packages/airflow/example_dags/tutorial_taskflow_api.py for tasks to queue
[2025-03-13T20:39:46.096+0000] {logging_mixin.py:137} INFO - [2025-03-13T20:39:46.096+0000] {dagbag.py:538} INFO - Filling up the DagBag from /home/airflow/.local/lib/python3.7/site-packages/airflow/example_dags/tutorial_taskflow_api.py
[2025-03-13T20:39:46.110+0000] {processor.py:753} INFO - DAG(s) dict_keys(['tutorial_taskflow_api']) retrieved from /home/airflow/.local/lib/python3.7/site-packages/airflow/example_dags/tutorial_taskflow_api.py
[2025-03-13T20:39:46.127+0000] {logging_mixin.py:137} INFO - [2025-03-13T20:39:46.127+0000] {dag.py:2690} INFO - Sync 1 DAGs
[2025-03-13T20:39:46.145+0000] {logging_mixin.py:137} INFO - [2025-03-13T20:39:46.145+0000] {dag.py:3441} INFO - Setting next_dagrun for tutorial_taskflow_api to None, run_after=None
[2025-03-13T20:39:46.158+0000] {processor.py:175} INFO - Processing /home/airflow/.local/lib/python3.7/site-packages/airflow/example_dags/tutorial_taskflow_api.py took 0.065 seconds
[2025-03-13T20:42:30.050+0000] {processor.py:153} INFO - Started process (PID=54) to work on /home/airflow/.local/lib/python3.7/site-packages/airflow/example_dags/tutorial_taskflow_api.py
[2025-03-13T20:42:30.050+0000] {processor.py:743} INFO - Processing file /home/airflow/.local/lib/python3.7/site-packages/airflow/example_dags/tutorial_taskflow_api.py for tasks to queue
[2025-03-13T20:42:30.051+0000] {logging_mixin.py:137} INFO - [2025-03-13T20:42:30.051+0000] {dagbag.py:538} INFO - Filling up the DagBag from /home/airflow/.local/lib/python3.7/site-packages/airflow/example_dags/tutorial_taskflow_api.py
[2025-03-13T20:42:30.069+0000] {processor.py:753} INFO - DAG(s) dict_keys(['tutorial_taskflow_api']) retrieved from /home/airflow/.local/lib/python3.7/site-packages/airflow/example_dags/tutorial_taskflow_api.py
[2025-03-13T20:42:30.151+0000] {logging_mixin.py:137} INFO - [2025-03-13T20:42:30.150+0000] {manager.py:504} INFO - Created Permission View: can read on DAG:tutorial_taskflow_api
[2025-03-13T20:42:30.157+0000] {logging_mixin.py:137} INFO - [2025-03-13T20:42:30.157+0000] {manager.py:504} INFO - Created Permission View: can edit on DAG:tutorial_taskflow_api
[2025-03-13T20:42:30.162+0000] {logging_mixin.py:137} INFO - [2025-03-13T20:42:30.162+0000] {manager.py:504} INFO - Created Permission View: can delete on DAG:tutorial_taskflow_api
[2025-03-13T20:42:30.162+0000] {logging_mixin.py:137} INFO - [2025-03-13T20:42:30.162+0000] {dag.py:2690} INFO - Sync 1 DAGs
[2025-03-13T20:42:30.173+0000] {logging_mixin.py:137} INFO - [2025-03-13T20:42:30.173+0000] {dag.py:2711} INFO - Creating ORM DAG for tutorial_taskflow_api
[2025-03-13T20:42:30.182+0000] {logging_mixin.py:137} INFO - [2025-03-13T20:42:30.182+0000] {dag.py:3441} INFO - Setting next_dagrun for tutorial_taskflow_api to None, run_after=None
[2025-03-13T20:42:30.196+0000] {processor.py:175} INFO - Processing /home/airflow/.local/lib/python3.7/site-packages/airflow/example_dags/tutorial_taskflow_api.py took 0.149 seconds
[2025-03-13T20:43:00.571+0000] {processor.py:153} INFO - Started process (PID=165) to work on /home/airflow/.local/lib/python3.7/site-packages/airflow/example_dags/tutorial_taskflow_api.py
[2025-03-13T20:43:00.571+0000] {processor.py:743} INFO - Processing file /home/airflow/.local/lib/python3.7/site-packages/airflow/example_dags/tutorial_taskflow_api.py for tasks to queue
[2025-03-13T20:43:00.572+0000] {logging_mixin.py:137} INFO - [2025-03-13T20:43:00.571+0000] {dagbag.py:538} INFO - Filling up the DagBag from /home/airflow/.local/lib/python3.7/site-packages/airflow/example_dags/tutorial_taskflow_api.py
[2025-03-13T20:43:00.584+0000] {processor.py:753} INFO - DAG(s) dict_keys(['tutorial_taskflow_api']) retrieved from /home/airflow/.local/lib/python3.7/site-packages/airflow/example_dags/tutorial_taskflow_api.py
[2025-03-13T20:43:00.600+0000] {logging_mixin.py:137} INFO - [2025-03-13T20:43:00.599+0000] {dag.py:2690} INFO - Sync 1 DAGs
[2025-03-13T20:43:00.614+0000] {logging_mixin.py:137} INFO - [2025-03-13T20:43:00.614+0000] {dag.py:3441} INFO - Setting next_dagrun for tutorial_taskflow_api to None, run_after=None
[2025-03-13T20:43:00.625+0000] {processor.py:175} INFO - Processing /home/airflow/.local/lib/python3.7/site-packages/airflow/example_dags/tutorial_taskflow_api.py took 0.056 seconds
[2025-03-13T20:43:31.412+0000] {processor.py:153} INFO - Started process (PID=262) to work on /home/airflow/.local/lib/python3.7/site-packages/airflow/example_dags/tutorial_taskflow_api.py
[2025-03-13T20:43:31.413+0000] {processor.py:743} INFO - Processing file /home/airflow/.local/lib/python3.7/site-packages/airflow/example_dags/tutorial_taskflow_api.py for tasks to queue
[2025-03-13T20:43:31.413+0000] {logging_mixin.py:137} INFO - [2025-03-13T20:43:31.413+0000] {dagbag.py:538} INFO - Filling up the DagBag from /home/airflow/.local/lib/python3.7/site-packages/airflow/example_dags/tutorial_taskflow_api.py
[2025-03-13T20:43:31.430+0000] {processor.py:753} INFO - DAG(s) dict_keys(['tutorial_taskflow_api']) retrieved from /home/airflow/.local/lib/python3.7/site-packages/airflow/example_dags/tutorial_taskflow_api.py
[2025-03-13T20:43:31.449+0000] {logging_mixin.py:137} INFO - [2025-03-13T20:43:31.449+0000] {dag.py:2690} INFO - Sync 1 DAGs
[2025-03-13T20:43:31.469+0000] {logging_mixin.py:137} INFO - [2025-03-13T20:43:31.468+0000] {dag.py:3441} INFO - Setting next_dagrun for tutorial_taskflow_api to None, run_after=None
[2025-03-13T20:43:31.482+0000] {processor.py:175} INFO - Processing /home/airflow/.local/lib/python3.7/site-packages/airflow/example_dags/tutorial_taskflow_api.py took 0.073 seconds
[2025-03-13T20:44:02.267+0000] {processor.py:153} INFO - Started process (PID=364) to work on /home/airflow/.local/lib/python3.7/site-packages/airflow/example_dags/tutorial_taskflow_api.py
[2025-03-13T20:44:02.267+0000] {processor.py:743} INFO - Processing file /home/airflow/.local/lib/python3.7/site-packages/airflow/example_dags/tutorial_taskflow_api.py for tasks to queue
[2025-03-13T20:44:02.268+0000] {logging_mixin.py:137} INFO - [2025-03-13T20:44:02.268+0000] {dagbag.py:538} INFO - Filling up the DagBag from /home/airflow/.local/lib/python3.7/site-packages/airflow/example_dags/tutorial_taskflow_api.py
[2025-03-13T20:44:02.280+0000] {processor.py:753} INFO - DAG(s) dict_keys(['tutorial_taskflow_api']) retrieved from /home/airflow/.local/lib/python3.7/site-packages/airflow/example_dags/tutorial_taskflow_api.py
[2025-03-13T20:44:02.297+0000] {logging_mixin.py:137} INFO - [2025-03-13T20:44:02.297+0000] {dag.py:2690} INFO - Sync 1 DAGs
[2025-03-13T20:44:02.314+0000] {logging_mixin.py:137} INFO - [2025-03-13T20:44:02.314+0000] {dag.py:3441} INFO - Setting next_dagrun for tutorial_taskflow_api to None, run_after=None
[2025-03-13T20:44:02.327+0000] {processor.py:175} INFO - Processing /home/airflow/.local/lib/python3.7/site-packages/airflow/example_dags/tutorial_taskflow_api.py took 0.062 seconds
[2025-03-13T20:44:33.006+0000] {processor.py:153} INFO - Started process (PID=475) to work on /home/airflow/.local/lib/python3.7/site-packages/airflow/example_dags/tutorial_taskflow_api.py
[2025-03-13T20:44:33.007+0000] {processor.py:743} INFO - Processing file /home/airflow/.local/lib/python3.7/site-packages/airflow/example_dags/tutorial_taskflow_api.py for tasks to queue
[2025-03-13T20:44:33.008+0000] {logging_mixin.py:137} INFO - [2025-03-13T20:44:33.008+0000] {dagbag.py:538} INFO - Filling up the DagBag from /home/airflow/.local/lib/python3.7/site-packages/airflow/example_dags/tutorial_taskflow_api.py
[2025-03-13T20:44:33.022+0000] {processor.py:753} INFO - DAG(s) dict_keys(['tutorial_taskflow_api']) retrieved from /home/airflow/.local/lib/python3.7/site-packages/airflow/example_dags/tutorial_taskflow_api.py
[2025-03-13T20:44:33.038+0000] {logging_mixin.py:137} INFO - [2025-03-13T20:44:33.038+0000] {dag.py:2690} INFO - Sync 1 DAGs
[2025-03-13T20:44:33.054+0000] {logging_mixin.py:137} INFO - [2025-03-13T20:44:33.054+0000] {dag.py:3441} INFO - Setting next_dagrun for tutorial_taskflow_api to None, run_after=None
[2025-03-13T20:44:33.065+0000] {processor.py:175} INFO - Processing /home/airflow/.local/lib/python3.7/site-packages/airflow/example_dags/tutorial_taskflow_api.py took 0.060 seconds
[2025-03-13T20:45:03.911+0000] {processor.py:153} INFO - Started process (PID=562) to work on /home/airflow/.local/lib/python3.7/site-packages/airflow/example_dags/tutorial_taskflow_api.py
[2025-03-13T20:45:03.912+0000] {processor.py:743} INFO - Processing file /home/airflow/.local/lib/python3.7/site-packages/airflow/example_dags/tutorial_taskflow_api.py for tasks to queue
[2025-03-13T20:45:03.912+0000] {logging_mixin.py:137} INFO - [2025-03-13T20:45:03.912+0000] {dagbag.py:538} INFO - Filling up the DagBag from /home/airflow/.local/lib/python3.7/site-packages/airflow/example_dags/tutorial_taskflow_api.py
[2025-03-13T20:45:03.926+0000] {processor.py:753} INFO - DAG(s) dict_keys(['tutorial_taskflow_api']) retrieved from /home/airflow/.local/lib/python3.7/site-packages/airflow/example_dags/tutorial_taskflow_api.py
[2025-03-13T20:45:03.942+0000] {logging_mixin.py:137} INFO - [2025-03-13T20:45:03.942+0000] {dag.py:2690} INFO - Sync 1 DAGs
[2025-03-13T20:45:03.958+0000] {logging_mixin.py:137} INFO - [2025-03-13T20:45:03.957+0000] {dag.py:3441} INFO - Setting next_dagrun for tutorial_taskflow_api to None, run_after=None
[2025-03-13T20:45:03.971+0000] {processor.py:175} INFO - Processing /home/airflow/.local/lib/python3.7/site-packages/airflow/example_dags/tutorial_taskflow_api.py took 0.062 seconds
[2025-03-13T20:45:34.924+0000] {processor.py:153} INFO - Started process (PID=673) to work on /home/airflow/.local/lib/python3.7/site-packages/airflow/example_dags/tutorial_taskflow_api.py
[2025-03-13T20:45:34.925+0000] {processor.py:743} INFO - Processing file /home/airflow/.local/lib/python3.7/site-packages/airflow/example_dags/tutorial_taskflow_api.py for tasks to queue
[2025-03-13T20:45:34.925+0000] {logging_mixin.py:137} INFO - [2025-03-13T20:45:34.925+0000] {dagbag.py:538} INFO - Filling up the DagBag from /home/airflow/.local/lib/python3.7/site-packages/airflow/example_dags/tutorial_taskflow_api.py
[2025-03-13T20:45:34.940+0000] {processor.py:753} INFO - DAG(s) dict_keys(['tutorial_taskflow_api']) retrieved from /home/airflow/.local/lib/python3.7/site-packages/airflow/example_dags/tutorial_taskflow_api.py
[2025-03-13T20:45:34.959+0000] {logging_mixin.py:137} INFO - [2025-03-13T20:45:34.959+0000] {dag.py:2690} INFO - Sync 1 DAGs
[2025-03-13T20:45:34.976+0000] {logging_mixin.py:137} INFO - [2025-03-13T20:45:34.976+0000] {dag.py:3441} INFO - Setting next_dagrun for tutorial_taskflow_api to None, run_after=None
[2025-03-13T20:45:34.990+0000] {processor.py:175} INFO - Processing /home/airflow/.local/lib/python3.7/site-packages/airflow/example_dags/tutorial_taskflow_api.py took 0.067 seconds
[2025-03-13T20:46:05.934+0000] {processor.py:153} INFO - Started process (PID=760) to work on /home/airflow/.local/lib/python3.7/site-packages/airflow/example_dags/tutorial_taskflow_api.py
[2025-03-13T20:46:05.941+0000] {processor.py:743} INFO - Processing file /home/airflow/.local/lib/python3.7/site-packages/airflow/example_dags/tutorial_taskflow_api.py for tasks to queue
[2025-03-13T20:46:05.941+0000] {logging_mixin.py:137} INFO - [2025-03-13T20:46:05.941+0000] {dagbag.py:538} INFO - Filling up the DagBag from /home/airflow/.local/lib/python3.7/site-packages/airflow/example_dags/tutorial_taskflow_api.py
[2025-03-13T20:46:05.953+0000] {processor.py:753} INFO - DAG(s) dict_keys(['tutorial_taskflow_api']) retrieved from /home/airflow/.local/lib/python3.7/site-packages/airflow/example_dags/tutorial_taskflow_api.py
[2025-03-13T20:46:05.970+0000] {logging_mixin.py:137} INFO - [2025-03-13T20:46:05.970+0000] {dag.py:2690} INFO - Sync 1 DAGs
[2025-03-13T20:46:05.985+0000] {logging_mixin.py:137} INFO - [2025-03-13T20:46:05.985+0000] {dag.py:3441} INFO - Setting next_dagrun for tutorial_taskflow_api to None, run_after=None
[2025-03-13T20:46:05.996+0000] {processor.py:175} INFO - Processing /home/airflow/.local/lib/python3.7/site-packages/airflow/example_dags/tutorial_taskflow_api.py took 0.064 seconds
[2025-03-13T20:46:36.849+0000] {processor.py:153} INFO - Started process (PID=871) to work on /home/airflow/.local/lib/python3.7/site-packages/airflow/example_dags/tutorial_taskflow_api.py
[2025-03-13T20:46:36.849+0000] {processor.py:743} INFO - Processing file /home/airflow/.local/lib/python3.7/site-packages/airflow/example_dags/tutorial_taskflow_api.py for tasks to queue
[2025-03-13T20:46:36.849+0000] {logging_mixin.py:137} INFO - [2025-03-13T20:46:36.849+0000] {dagbag.py:538} INFO - Filling up the DagBag from /home/airflow/.local/lib/python3.7/site-packages/airflow/example_dags/tutorial_taskflow_api.py
[2025-03-13T20:46:36.862+0000] {processor.py:753} INFO - DAG(s) dict_keys(['tutorial_taskflow_api']) retrieved from /home/airflow/.local/lib/python3.7/site-packages/airflow/example_dags/tutorial_taskflow_api.py
[2025-03-13T20:46:36.877+0000] {logging_mixin.py:137} INFO - [2025-03-13T20:46:36.877+0000] {dag.py:2690} INFO - Sync 1 DAGs
[2025-03-13T20:46:36.894+0000] {logging_mixin.py:137} INFO - [2025-03-13T20:46:36.894+0000] {dag.py:3441} INFO - Setting next_dagrun for tutorial_taskflow_api to None, run_after=None
[2025-03-13T20:46:36.906+0000] {processor.py:175} INFO - Processing /home/airflow/.local/lib/python3.7/site-packages/airflow/example_dags/tutorial_taskflow_api.py took 0.059 seconds
[2025-03-13T20:47:07.744+0000] {processor.py:153} INFO - Started process (PID=983) to work on /home/airflow/.local/lib/python3.7/site-packages/airflow/example_dags/tutorial_taskflow_api.py
[2025-03-13T20:47:07.751+0000] {processor.py:743} INFO - Processing file /home/airflow/.local/lib/python3.7/site-packages/airflow/example_dags/tutorial_taskflow_api.py for tasks to queue
[2025-03-13T20:47:07.751+0000] {logging_mixin.py:137} INFO - [2025-03-13T20:47:07.751+0000] {dagbag.py:538} INFO - Filling up the DagBag from /home/airflow/.local/lib/python3.7/site-packages/airflow/example_dags/tutorial_taskflow_api.py
[2025-03-13T20:47:07.763+0000] {processor.py:753} INFO - DAG(s) dict_keys(['tutorial_taskflow_api']) retrieved from /home/airflow/.local/lib/python3.7/site-packages/airflow/example_dags/tutorial_taskflow_api.py
[2025-03-13T20:47:07.778+0000] {logging_mixin.py:137} INFO - [2025-03-13T20:47:07.778+0000] {dag.py:2690} INFO - Sync 1 DAGs
[2025-03-13T20:47:07.794+0000] {logging_mixin.py:137} INFO - [2025-03-13T20:47:07.794+0000] {dag.py:3441} INFO - Setting next_dagrun for tutorial_taskflow_api to None, run_after=None
[2025-03-13T20:47:07.805+0000] {processor.py:175} INFO - Processing /home/airflow/.local/lib/python3.7/site-packages/airflow/example_dags/tutorial_taskflow_api.py took 0.064 seconds
[2025-03-13T20:49:08.108+0000] {processor.py:153} INFO - Started process (PID=54) to work on /home/airflow/.local/lib/python3.7/site-packages/airflow/example_dags/tutorial_taskflow_api.py
[2025-03-13T20:49:08.108+0000] {processor.py:743} INFO - Processing file /home/airflow/.local/lib/python3.7/site-packages/airflow/example_dags/tutorial_taskflow_api.py for tasks to queue
[2025-03-13T20:49:08.109+0000] {logging_mixin.py:137} INFO - [2025-03-13T20:49:08.109+0000] {dagbag.py:538} INFO - Filling up the DagBag from /home/airflow/.local/lib/python3.7/site-packages/airflow/example_dags/tutorial_taskflow_api.py
[2025-03-13T20:49:08.128+0000] {processor.py:753} INFO - DAG(s) dict_keys(['tutorial_taskflow_api']) retrieved from /home/airflow/.local/lib/python3.7/site-packages/airflow/example_dags/tutorial_taskflow_api.py
[2025-03-13T20:49:08.217+0000] {logging_mixin.py:137} INFO - [2025-03-13T20:49:08.217+0000] {manager.py:504} INFO - Created Permission View: can edit on DAG:tutorial_taskflow_api
[2025-03-13T20:49:08.224+0000] {logging_mixin.py:137} INFO - [2025-03-13T20:49:08.223+0000] {manager.py:504} INFO - Created Permission View: can read on DAG:tutorial_taskflow_api
[2025-03-13T20:49:08.230+0000] {logging_mixin.py:137} INFO - [2025-03-13T20:49:08.230+0000] {manager.py:504} INFO - Created Permission View: can delete on DAG:tutorial_taskflow_api
[2025-03-13T20:49:08.230+0000] {logging_mixin.py:137} INFO - [2025-03-13T20:49:08.230+0000] {dag.py:2690} INFO - Sync 1 DAGs
[2025-03-13T20:49:08.240+0000] {logging_mixin.py:137} INFO - [2025-03-13T20:49:08.240+0000] {dag.py:2711} INFO - Creating ORM DAG for tutorial_taskflow_api
[2025-03-13T20:49:08.249+0000] {logging_mixin.py:137} INFO - [2025-03-13T20:49:08.248+0000] {dag.py:3441} INFO - Setting next_dagrun for tutorial_taskflow_api to None, run_after=None
[2025-03-13T20:49:08.262+0000] {processor.py:175} INFO - Processing /home/airflow/.local/lib/python3.7/site-packages/airflow/example_dags/tutorial_taskflow_api.py took 0.157 seconds
[2025-03-13T20:49:38.661+0000] {processor.py:153} INFO - Started process (PID=165) to work on /home/airflow/.local/lib/python3.7/site-packages/airflow/example_dags/tutorial_taskflow_api.py
[2025-03-13T20:49:38.662+0000] {processor.py:743} INFO - Processing file /home/airflow/.local/lib/python3.7/site-packages/airflow/example_dags/tutorial_taskflow_api.py for tasks to queue
[2025-03-13T20:49:38.663+0000] {logging_mixin.py:137} INFO - [2025-03-13T20:49:38.662+0000] {dagbag.py:538} INFO - Filling up the DagBag from /home/airflow/.local/lib/python3.7/site-packages/airflow/example_dags/tutorial_taskflow_api.py
[2025-03-13T20:49:38.678+0000] {processor.py:753} INFO - DAG(s) dict_keys(['tutorial_taskflow_api']) retrieved from /home/airflow/.local/lib/python3.7/site-packages/airflow/example_dags/tutorial_taskflow_api.py
[2025-03-13T20:49:38.695+0000] {logging_mixin.py:137} INFO - [2025-03-13T20:49:38.695+0000] {dag.py:2690} INFO - Sync 1 DAGs
[2025-03-13T20:49:38.711+0000] {logging_mixin.py:137} INFO - [2025-03-13T20:49:38.711+0000] {dag.py:3441} INFO - Setting next_dagrun for tutorial_taskflow_api to None, run_after=None
[2025-03-13T20:49:38.724+0000] {processor.py:175} INFO - Processing /home/airflow/.local/lib/python3.7/site-packages/airflow/example_dags/tutorial_taskflow_api.py took 0.065 seconds
[2025-03-13T20:50:09.437+0000] {processor.py:153} INFO - Started process (PID=260) to work on /home/airflow/.local/lib/python3.7/site-packages/airflow/example_dags/tutorial_taskflow_api.py
[2025-03-13T20:50:09.438+0000] {processor.py:743} INFO - Processing file /home/airflow/.local/lib/python3.7/site-packages/airflow/example_dags/tutorial_taskflow_api.py for tasks to queue
[2025-03-13T20:50:09.438+0000] {logging_mixin.py:137} INFO - [2025-03-13T20:50:09.438+0000] {dagbag.py:538} INFO - Filling up the DagBag from /home/airflow/.local/lib/python3.7/site-packages/airflow/example_dags/tutorial_taskflow_api.py
[2025-03-13T20:50:09.455+0000] {processor.py:753} INFO - DAG(s) dict_keys(['tutorial_taskflow_api']) retrieved from /home/airflow/.local/lib/python3.7/site-packages/airflow/example_dags/tutorial_taskflow_api.py
[2025-03-13T20:50:09.472+0000] {logging_mixin.py:137} INFO - [2025-03-13T20:50:09.472+0000] {dag.py:2690} INFO - Sync 1 DAGs
[2025-03-13T20:50:09.492+0000] {logging_mixin.py:137} INFO - [2025-03-13T20:50:09.492+0000] {dag.py:3441} INFO - Setting next_dagrun for tutorial_taskflow_api to None, run_after=None
[2025-03-13T20:50:09.503+0000] {processor.py:175} INFO - Processing /home/airflow/.local/lib/python3.7/site-packages/airflow/example_dags/tutorial_taskflow_api.py took 0.068 seconds
[2025-03-13T20:50:40.218+0000] {processor.py:153} INFO - Started process (PID=362) to work on /home/airflow/.local/lib/python3.7/site-packages/airflow/example_dags/tutorial_taskflow_api.py
[2025-03-13T20:50:40.219+0000] {processor.py:743} INFO - Processing file /home/airflow/.local/lib/python3.7/site-packages/airflow/example_dags/tutorial_taskflow_api.py for tasks to queue
[2025-03-13T20:50:40.219+0000] {logging_mixin.py:137} INFO - [2025-03-13T20:50:40.219+0000] {dagbag.py:538} INFO - Filling up the DagBag from /home/airflow/.local/lib/python3.7/site-packages/airflow/example_dags/tutorial_taskflow_api.py
[2025-03-13T20:50:40.236+0000] {processor.py:753} INFO - DAG(s) dict_keys(['tutorial_taskflow_api']) retrieved from /home/airflow/.local/lib/python3.7/site-packages/airflow/example_dags/tutorial_taskflow_api.py
[2025-03-13T20:50:40.257+0000] {logging_mixin.py:137} INFO - [2025-03-13T20:50:40.257+0000] {dag.py:2690} INFO - Sync 1 DAGs
[2025-03-13T20:50:40.275+0000] {logging_mixin.py:137} INFO - [2025-03-13T20:50:40.275+0000] {dag.py:3441} INFO - Setting next_dagrun for tutorial_taskflow_api to None, run_after=None
[2025-03-13T20:50:40.289+0000] {processor.py:175} INFO - Processing /home/airflow/.local/lib/python3.7/site-packages/airflow/example_dags/tutorial_taskflow_api.py took 0.073 seconds
[2025-03-13T20:51:11.093+0000] {processor.py:153} INFO - Started process (PID=473) to work on /home/airflow/.local/lib/python3.7/site-packages/airflow/example_dags/tutorial_taskflow_api.py
[2025-03-13T20:51:11.093+0000] {processor.py:743} INFO - Processing file /home/airflow/.local/lib/python3.7/site-packages/airflow/example_dags/tutorial_taskflow_api.py for tasks to queue
[2025-03-13T20:51:11.094+0000] {logging_mixin.py:137} INFO - [2025-03-13T20:51:11.094+0000] {dagbag.py:538} INFO - Filling up the DagBag from /home/airflow/.local/lib/python3.7/site-packages/airflow/example_dags/tutorial_taskflow_api.py
[2025-03-13T20:51:11.108+0000] {processor.py:753} INFO - DAG(s) dict_keys(['tutorial_taskflow_api']) retrieved from /home/airflow/.local/lib/python3.7/site-packages/airflow/example_dags/tutorial_taskflow_api.py
[2025-03-13T20:51:11.123+0000] {logging_mixin.py:137} INFO - [2025-03-13T20:51:11.123+0000] {dag.py:2690} INFO - Sync 1 DAGs
[2025-03-13T20:51:11.137+0000] {logging_mixin.py:137} INFO - [2025-03-13T20:51:11.137+0000] {dag.py:3441} INFO - Setting next_dagrun for tutorial_taskflow_api to None, run_after=None
[2025-03-13T20:51:11.148+0000] {processor.py:175} INFO - Processing /home/airflow/.local/lib/python3.7/site-packages/airflow/example_dags/tutorial_taskflow_api.py took 0.057 seconds
[2025-03-13T20:51:41.643+0000] {processor.py:153} INFO - Started process (PID=560) to work on /home/airflow/.local/lib/python3.7/site-packages/airflow/example_dags/tutorial_taskflow_api.py
[2025-03-13T20:51:41.644+0000] {processor.py:743} INFO - Processing file /home/airflow/.local/lib/python3.7/site-packages/airflow/example_dags/tutorial_taskflow_api.py for tasks to queue
[2025-03-13T20:51:41.644+0000] {logging_mixin.py:137} INFO - [2025-03-13T20:51:41.644+0000] {dagbag.py:538} INFO - Filling up the DagBag from /home/airflow/.local/lib/python3.7/site-packages/airflow/example_dags/tutorial_taskflow_api.py
[2025-03-13T20:51:41.656+0000] {processor.py:753} INFO - DAG(s) dict_keys(['tutorial_taskflow_api']) retrieved from /home/airflow/.local/lib/python3.7/site-packages/airflow/example_dags/tutorial_taskflow_api.py
[2025-03-13T20:51:41.671+0000] {logging_mixin.py:137} INFO - [2025-03-13T20:51:41.671+0000] {dag.py:2690} INFO - Sync 1 DAGs
[2025-03-13T20:51:41.687+0000] {logging_mixin.py:137} INFO - [2025-03-13T20:51:41.687+0000] {dag.py:3441} INFO - Setting next_dagrun for tutorial_taskflow_api to None, run_after=None
[2025-03-13T20:51:41.699+0000] {processor.py:175} INFO - Processing /home/airflow/.local/lib/python3.7/site-packages/airflow/example_dags/tutorial_taskflow_api.py took 0.058 seconds
