[2025-03-13T20:36:42.267+0000] {processor.py:153} INFO - Started process (PID=71) to work on /home/airflow/.local/lib/python3.7/site-packages/airflow/example_dags/tutorial_dag.py
[2025-03-13T20:36:42.268+0000] {processor.py:743} INFO - Processing file /home/airflow/.local/lib/python3.7/site-packages/airflow/example_dags/tutorial_dag.py for tasks to queue
[2025-03-13T20:36:42.268+0000] {logging_mixin.py:137} INFO - [2025-03-13T20:36:42.268+0000] {dagbag.py:538} INFO - Filling up the DagBag from /home/airflow/.local/lib/python3.7/site-packages/airflow/example_dags/tutorial_dag.py
[2025-03-13T20:36:42.279+0000] {processor.py:753} INFO - DAG(s) dict_keys(['tutorial_dag']) retrieved from /home/airflow/.local/lib/python3.7/site-packages/airflow/example_dags/tutorial_dag.py
[2025-03-13T20:36:42.290+0000] {logging_mixin.py:137} INFO - [2025-03-13T20:36:42.290+0000] {dag.py:2690} INFO - Sync 1 DAGs
[2025-03-13T20:36:42.311+0000] {logging_mixin.py:137} INFO - [2025-03-13T20:36:42.311+0000] {dag.py:3441} INFO - Setting next_dagrun for tutorial_dag to None, run_after=None
[2025-03-13T20:36:42.325+0000] {processor.py:175} INFO - Processing /home/airflow/.local/lib/python3.7/site-packages/airflow/example_dags/tutorial_dag.py took 0.060 seconds
[2025-03-13T20:37:13.022+0000] {processor.py:153} INFO - Started process (PID=182) to work on /home/airflow/.local/lib/python3.7/site-packages/airflow/example_dags/tutorial_dag.py
[2025-03-13T20:37:13.023+0000] {processor.py:743} INFO - Processing file /home/airflow/.local/lib/python3.7/site-packages/airflow/example_dags/tutorial_dag.py for tasks to queue
[2025-03-13T20:37:13.023+0000] {logging_mixin.py:137} INFO - [2025-03-13T20:37:13.023+0000] {dagbag.py:538} INFO - Filling up the DagBag from /home/airflow/.local/lib/python3.7/site-packages/airflow/example_dags/tutorial_dag.py
[2025-03-13T20:37:13.033+0000] {processor.py:753} INFO - DAG(s) dict_keys(['tutorial_dag']) retrieved from /home/airflow/.local/lib/python3.7/site-packages/airflow/example_dags/tutorial_dag.py
[2025-03-13T20:37:13.052+0000] {logging_mixin.py:137} INFO - [2025-03-13T20:37:13.052+0000] {dag.py:2690} INFO - Sync 1 DAGs
[2025-03-13T20:37:13.071+0000] {logging_mixin.py:137} INFO - [2025-03-13T20:37:13.070+0000] {dag.py:3441} INFO - Setting next_dagrun for tutorial_dag to None, run_after=None
[2025-03-13T20:37:13.084+0000] {processor.py:175} INFO - Processing /home/airflow/.local/lib/python3.7/site-packages/airflow/example_dags/tutorial_dag.py took 0.064 seconds
[2025-03-13T20:37:44.048+0000] {processor.py:153} INFO - Started process (PID=278) to work on /home/airflow/.local/lib/python3.7/site-packages/airflow/example_dags/tutorial_dag.py
[2025-03-13T20:37:44.048+0000] {processor.py:743} INFO - Processing file /home/airflow/.local/lib/python3.7/site-packages/airflow/example_dags/tutorial_dag.py for tasks to queue
[2025-03-13T20:37:44.049+0000] {logging_mixin.py:137} INFO - [2025-03-13T20:37:44.049+0000] {dagbag.py:538} INFO - Filling up the DagBag from /home/airflow/.local/lib/python3.7/site-packages/airflow/example_dags/tutorial_dag.py
[2025-03-13T20:37:44.059+0000] {processor.py:753} INFO - DAG(s) dict_keys(['tutorial_dag']) retrieved from /home/airflow/.local/lib/python3.7/site-packages/airflow/example_dags/tutorial_dag.py
[2025-03-13T20:37:44.079+0000] {logging_mixin.py:137} INFO - [2025-03-13T20:37:44.078+0000] {dag.py:2690} INFO - Sync 1 DAGs
[2025-03-13T20:37:44.100+0000] {logging_mixin.py:137} INFO - [2025-03-13T20:37:44.100+0000] {dag.py:3441} INFO - Setting next_dagrun for tutorial_dag to None, run_after=None
[2025-03-13T20:37:44.114+0000] {processor.py:175} INFO - Processing /home/airflow/.local/lib/python3.7/site-packages/airflow/example_dags/tutorial_dag.py took 0.069 seconds
[2025-03-13T20:38:14.874+0000] {processor.py:153} INFO - Started process (PID=380) to work on /home/airflow/.local/lib/python3.7/site-packages/airflow/example_dags/tutorial_dag.py
[2025-03-13T20:38:14.875+0000] {processor.py:743} INFO - Processing file /home/airflow/.local/lib/python3.7/site-packages/airflow/example_dags/tutorial_dag.py for tasks to queue
[2025-03-13T20:38:14.875+0000] {logging_mixin.py:137} INFO - [2025-03-13T20:38:14.875+0000] {dagbag.py:538} INFO - Filling up the DagBag from /home/airflow/.local/lib/python3.7/site-packages/airflow/example_dags/tutorial_dag.py
[2025-03-13T20:38:14.884+0000] {processor.py:753} INFO - DAG(s) dict_keys(['tutorial_dag']) retrieved from /home/airflow/.local/lib/python3.7/site-packages/airflow/example_dags/tutorial_dag.py
[2025-03-13T20:38:14.901+0000] {logging_mixin.py:137} INFO - [2025-03-13T20:38:14.900+0000] {dag.py:2690} INFO - Sync 1 DAGs
[2025-03-13T20:38:14.916+0000] {logging_mixin.py:137} INFO - [2025-03-13T20:38:14.916+0000] {dag.py:3441} INFO - Setting next_dagrun for tutorial_dag to None, run_after=None
[2025-03-13T20:38:14.927+0000] {processor.py:175} INFO - Processing /home/airflow/.local/lib/python3.7/site-packages/airflow/example_dags/tutorial_dag.py took 0.055 seconds
[2025-03-13T20:38:45.524+0000] {processor.py:153} INFO - Started process (PID=491) to work on /home/airflow/.local/lib/python3.7/site-packages/airflow/example_dags/tutorial_dag.py
[2025-03-13T20:38:45.524+0000] {processor.py:743} INFO - Processing file /home/airflow/.local/lib/python3.7/site-packages/airflow/example_dags/tutorial_dag.py for tasks to queue
[2025-03-13T20:38:45.525+0000] {logging_mixin.py:137} INFO - [2025-03-13T20:38:45.525+0000] {dagbag.py:538} INFO - Filling up the DagBag from /home/airflow/.local/lib/python3.7/site-packages/airflow/example_dags/tutorial_dag.py
[2025-03-13T20:38:45.532+0000] {processor.py:753} INFO - DAG(s) dict_keys(['tutorial_dag']) retrieved from /home/airflow/.local/lib/python3.7/site-packages/airflow/example_dags/tutorial_dag.py
[2025-03-13T20:38:45.548+0000] {logging_mixin.py:137} INFO - [2025-03-13T20:38:45.547+0000] {dag.py:2690} INFO - Sync 1 DAGs
[2025-03-13T20:38:45.562+0000] {logging_mixin.py:137} INFO - [2025-03-13T20:38:45.562+0000] {dag.py:3441} INFO - Setting next_dagrun for tutorial_dag to None, run_after=None
[2025-03-13T20:38:45.574+0000] {processor.py:175} INFO - Processing /home/airflow/.local/lib/python3.7/site-packages/airflow/example_dags/tutorial_dag.py took 0.052 seconds
[2025-03-13T20:39:16.196+0000] {processor.py:153} INFO - Started process (PID=578) to work on /home/airflow/.local/lib/python3.7/site-packages/airflow/example_dags/tutorial_dag.py
[2025-03-13T20:39:16.196+0000] {processor.py:743} INFO - Processing file /home/airflow/.local/lib/python3.7/site-packages/airflow/example_dags/tutorial_dag.py for tasks to queue
[2025-03-13T20:39:16.197+0000] {logging_mixin.py:137} INFO - [2025-03-13T20:39:16.197+0000] {dagbag.py:538} INFO - Filling up the DagBag from /home/airflow/.local/lib/python3.7/site-packages/airflow/example_dags/tutorial_dag.py
[2025-03-13T20:39:16.206+0000] {processor.py:753} INFO - DAG(s) dict_keys(['tutorial_dag']) retrieved from /home/airflow/.local/lib/python3.7/site-packages/airflow/example_dags/tutorial_dag.py
[2025-03-13T20:39:16.222+0000] {logging_mixin.py:137} INFO - [2025-03-13T20:39:16.222+0000] {dag.py:2690} INFO - Sync 1 DAGs
[2025-03-13T20:39:16.239+0000] {logging_mixin.py:137} INFO - [2025-03-13T20:39:16.239+0000] {dag.py:3441} INFO - Setting next_dagrun for tutorial_dag to None, run_after=None
[2025-03-13T20:39:16.250+0000] {processor.py:175} INFO - Processing /home/airflow/.local/lib/python3.7/site-packages/airflow/example_dags/tutorial_dag.py took 0.056 seconds
[2025-03-13T20:39:46.802+0000] {processor.py:153} INFO - Started process (PID=689) to work on /home/airflow/.local/lib/python3.7/site-packages/airflow/example_dags/tutorial_dag.py
[2025-03-13T20:39:46.803+0000] {processor.py:743} INFO - Processing file /home/airflow/.local/lib/python3.7/site-packages/airflow/example_dags/tutorial_dag.py for tasks to queue
[2025-03-13T20:39:46.804+0000] {logging_mixin.py:137} INFO - [2025-03-13T20:39:46.804+0000] {dagbag.py:538} INFO - Filling up the DagBag from /home/airflow/.local/lib/python3.7/site-packages/airflow/example_dags/tutorial_dag.py
[2025-03-13T20:39:46.814+0000] {processor.py:753} INFO - DAG(s) dict_keys(['tutorial_dag']) retrieved from /home/airflow/.local/lib/python3.7/site-packages/airflow/example_dags/tutorial_dag.py
[2025-03-13T20:39:46.832+0000] {logging_mixin.py:137} INFO - [2025-03-13T20:39:46.832+0000] {dag.py:2690} INFO - Sync 1 DAGs
[2025-03-13T20:39:46.850+0000] {logging_mixin.py:137} INFO - [2025-03-13T20:39:46.850+0000] {dag.py:3441} INFO - Setting next_dagrun for tutorial_dag to None, run_after=None
[2025-03-13T20:39:46.863+0000] {processor.py:175} INFO - Processing /home/airflow/.local/lib/python3.7/site-packages/airflow/example_dags/tutorial_dag.py took 0.064 seconds
[2025-03-13T20:42:31.625+0000] {processor.py:153} INFO - Started process (PID=80) to work on /home/airflow/.local/lib/python3.7/site-packages/airflow/example_dags/tutorial_dag.py
[2025-03-13T20:42:31.625+0000] {processor.py:743} INFO - Processing file /home/airflow/.local/lib/python3.7/site-packages/airflow/example_dags/tutorial_dag.py for tasks to queue
[2025-03-13T20:42:31.626+0000] {logging_mixin.py:137} INFO - [2025-03-13T20:42:31.626+0000] {dagbag.py:538} INFO - Filling up the DagBag from /home/airflow/.local/lib/python3.7/site-packages/airflow/example_dags/tutorial_dag.py
[2025-03-13T20:42:31.637+0000] {processor.py:753} INFO - DAG(s) dict_keys(['tutorial_dag']) retrieved from /home/airflow/.local/lib/python3.7/site-packages/airflow/example_dags/tutorial_dag.py
[2025-03-13T20:42:31.730+0000] {logging_mixin.py:137} INFO - [2025-03-13T20:42:31.730+0000] {manager.py:504} INFO - Created Permission View: can read on DAG:tutorial_dag
[2025-03-13T20:42:31.737+0000] {logging_mixin.py:137} INFO - [2025-03-13T20:42:31.737+0000] {manager.py:504} INFO - Created Permission View: can edit on DAG:tutorial_dag
[2025-03-13T20:42:31.742+0000] {logging_mixin.py:137} INFO - [2025-03-13T20:42:31.742+0000] {manager.py:504} INFO - Created Permission View: can delete on DAG:tutorial_dag
[2025-03-13T20:42:31.742+0000] {logging_mixin.py:137} INFO - [2025-03-13T20:42:31.742+0000] {dag.py:2690} INFO - Sync 1 DAGs
[2025-03-13T20:42:31.752+0000] {logging_mixin.py:137} INFO - [2025-03-13T20:42:31.751+0000] {dag.py:2711} INFO - Creating ORM DAG for tutorial_dag
[2025-03-13T20:42:31.760+0000] {logging_mixin.py:137} INFO - [2025-03-13T20:42:31.760+0000] {dag.py:3441} INFO - Setting next_dagrun for tutorial_dag to None, run_after=None
[2025-03-13T20:42:31.773+0000] {processor.py:175} INFO - Processing /home/airflow/.local/lib/python3.7/site-packages/airflow/example_dags/tutorial_dag.py took 0.151 seconds
[2025-03-13T20:43:02.240+0000] {processor.py:153} INFO - Started process (PID=182) to work on /home/airflow/.local/lib/python3.7/site-packages/airflow/example_dags/tutorial_dag.py
[2025-03-13T20:43:02.241+0000] {processor.py:743} INFO - Processing file /home/airflow/.local/lib/python3.7/site-packages/airflow/example_dags/tutorial_dag.py for tasks to queue
[2025-03-13T20:43:02.241+0000] {logging_mixin.py:137} INFO - [2025-03-13T20:43:02.241+0000] {dagbag.py:538} INFO - Filling up the DagBag from /home/airflow/.local/lib/python3.7/site-packages/airflow/example_dags/tutorial_dag.py
[2025-03-13T20:43:02.252+0000] {processor.py:753} INFO - DAG(s) dict_keys(['tutorial_dag']) retrieved from /home/airflow/.local/lib/python3.7/site-packages/airflow/example_dags/tutorial_dag.py
[2025-03-13T20:43:02.271+0000] {logging_mixin.py:137} INFO - [2025-03-13T20:43:02.271+0000] {dag.py:2690} INFO - Sync 1 DAGs
[2025-03-13T20:43:02.288+0000] {logging_mixin.py:137} INFO - [2025-03-13T20:43:02.288+0000] {dag.py:3441} INFO - Setting next_dagrun for tutorial_dag to None, run_after=None
[2025-03-13T20:43:02.302+0000] {processor.py:175} INFO - Processing /home/airflow/.local/lib/python3.7/site-packages/airflow/example_dags/tutorial_dag.py took 0.064 seconds
[2025-03-13T20:43:33.270+0000] {processor.py:153} INFO - Started process (PID=294) to work on /home/airflow/.local/lib/python3.7/site-packages/airflow/example_dags/tutorial_dag.py
[2025-03-13T20:43:33.270+0000] {processor.py:743} INFO - Processing file /home/airflow/.local/lib/python3.7/site-packages/airflow/example_dags/tutorial_dag.py for tasks to queue
[2025-03-13T20:43:33.271+0000] {logging_mixin.py:137} INFO - [2025-03-13T20:43:33.270+0000] {dagbag.py:538} INFO - Filling up the DagBag from /home/airflow/.local/lib/python3.7/site-packages/airflow/example_dags/tutorial_dag.py
[2025-03-13T20:43:33.278+0000] {processor.py:753} INFO - DAG(s) dict_keys(['tutorial_dag']) retrieved from /home/airflow/.local/lib/python3.7/site-packages/airflow/example_dags/tutorial_dag.py
[2025-03-13T20:43:33.293+0000] {logging_mixin.py:137} INFO - [2025-03-13T20:43:33.293+0000] {dag.py:2690} INFO - Sync 1 DAGs
[2025-03-13T20:43:33.308+0000] {logging_mixin.py:137} INFO - [2025-03-13T20:43:33.308+0000] {dag.py:3441} INFO - Setting next_dagrun for tutorial_dag to None, run_after=None
[2025-03-13T20:43:33.319+0000] {processor.py:175} INFO - Processing /home/airflow/.local/lib/python3.7/site-packages/airflow/example_dags/tutorial_dag.py took 0.051 seconds
[2025-03-13T20:44:03.952+0000] {processor.py:153} INFO - Started process (PID=381) to work on /home/airflow/.local/lib/python3.7/site-packages/airflow/example_dags/tutorial_dag.py
[2025-03-13T20:44:03.953+0000] {processor.py:743} INFO - Processing file /home/airflow/.local/lib/python3.7/site-packages/airflow/example_dags/tutorial_dag.py for tasks to queue
[2025-03-13T20:44:03.953+0000] {logging_mixin.py:137} INFO - [2025-03-13T20:44:03.953+0000] {dagbag.py:538} INFO - Filling up the DagBag from /home/airflow/.local/lib/python3.7/site-packages/airflow/example_dags/tutorial_dag.py
[2025-03-13T20:44:03.964+0000] {processor.py:753} INFO - DAG(s) dict_keys(['tutorial_dag']) retrieved from /home/airflow/.local/lib/python3.7/site-packages/airflow/example_dags/tutorial_dag.py
[2025-03-13T20:44:03.984+0000] {logging_mixin.py:137} INFO - [2025-03-13T20:44:03.984+0000] {dag.py:2690} INFO - Sync 1 DAGs
[2025-03-13T20:44:04.002+0000] {logging_mixin.py:137} INFO - [2025-03-13T20:44:04.002+0000] {dag.py:3441} INFO - Setting next_dagrun for tutorial_dag to None, run_after=None
[2025-03-13T20:44:04.017+0000] {processor.py:175} INFO - Processing /home/airflow/.local/lib/python3.7/site-packages/airflow/example_dags/tutorial_dag.py took 0.067 seconds
[2025-03-13T20:44:34.867+0000] {processor.py:153} INFO - Started process (PID=492) to work on /home/airflow/.local/lib/python3.7/site-packages/airflow/example_dags/tutorial_dag.py
[2025-03-13T20:44:34.868+0000] {processor.py:743} INFO - Processing file /home/airflow/.local/lib/python3.7/site-packages/airflow/example_dags/tutorial_dag.py for tasks to queue
[2025-03-13T20:44:34.868+0000] {logging_mixin.py:137} INFO - [2025-03-13T20:44:34.868+0000] {dagbag.py:538} INFO - Filling up the DagBag from /home/airflow/.local/lib/python3.7/site-packages/airflow/example_dags/tutorial_dag.py
[2025-03-13T20:44:34.878+0000] {processor.py:753} INFO - DAG(s) dict_keys(['tutorial_dag']) retrieved from /home/airflow/.local/lib/python3.7/site-packages/airflow/example_dags/tutorial_dag.py
[2025-03-13T20:44:34.896+0000] {logging_mixin.py:137} INFO - [2025-03-13T20:44:34.896+0000] {dag.py:2690} INFO - Sync 1 DAGs
[2025-03-13T20:44:34.916+0000] {logging_mixin.py:137} INFO - [2025-03-13T20:44:34.916+0000] {dag.py:3441} INFO - Setting next_dagrun for tutorial_dag to None, run_after=None
[2025-03-13T20:44:34.931+0000] {processor.py:175} INFO - Processing /home/airflow/.local/lib/python3.7/site-packages/airflow/example_dags/tutorial_dag.py took 0.066 seconds
[2025-03-13T20:45:05.686+0000] {processor.py:153} INFO - Started process (PID=579) to work on /home/airflow/.local/lib/python3.7/site-packages/airflow/example_dags/tutorial_dag.py
[2025-03-13T20:45:05.686+0000] {processor.py:743} INFO - Processing file /home/airflow/.local/lib/python3.7/site-packages/airflow/example_dags/tutorial_dag.py for tasks to queue
[2025-03-13T20:45:05.687+0000] {logging_mixin.py:137} INFO - [2025-03-13T20:45:05.687+0000] {dagbag.py:538} INFO - Filling up the DagBag from /home/airflow/.local/lib/python3.7/site-packages/airflow/example_dags/tutorial_dag.py
[2025-03-13T20:45:05.697+0000] {processor.py:753} INFO - DAG(s) dict_keys(['tutorial_dag']) retrieved from /home/airflow/.local/lib/python3.7/site-packages/airflow/example_dags/tutorial_dag.py
[2025-03-13T20:45:05.714+0000] {logging_mixin.py:137} INFO - [2025-03-13T20:45:05.714+0000] {dag.py:2690} INFO - Sync 1 DAGs
[2025-03-13T20:45:05.732+0000] {logging_mixin.py:137} INFO - [2025-03-13T20:45:05.732+0000] {dag.py:3441} INFO - Setting next_dagrun for tutorial_dag to None, run_after=None
[2025-03-13T20:45:05.746+0000] {processor.py:175} INFO - Processing /home/airflow/.local/lib/python3.7/site-packages/airflow/example_dags/tutorial_dag.py took 0.063 seconds
[2025-03-13T20:45:36.686+0000] {processor.py:153} INFO - Started process (PID=690) to work on /home/airflow/.local/lib/python3.7/site-packages/airflow/example_dags/tutorial_dag.py
[2025-03-13T20:45:36.687+0000] {processor.py:743} INFO - Processing file /home/airflow/.local/lib/python3.7/site-packages/airflow/example_dags/tutorial_dag.py for tasks to queue
[2025-03-13T20:45:36.687+0000] {logging_mixin.py:137} INFO - [2025-03-13T20:45:36.687+0000] {dagbag.py:538} INFO - Filling up the DagBag from /home/airflow/.local/lib/python3.7/site-packages/airflow/example_dags/tutorial_dag.py
[2025-03-13T20:45:36.696+0000] {processor.py:753} INFO - DAG(s) dict_keys(['tutorial_dag']) retrieved from /home/airflow/.local/lib/python3.7/site-packages/airflow/example_dags/tutorial_dag.py
[2025-03-13T20:45:36.714+0000] {logging_mixin.py:137} INFO - [2025-03-13T20:45:36.714+0000] {dag.py:2690} INFO - Sync 1 DAGs
[2025-03-13T20:45:36.731+0000] {logging_mixin.py:137} INFO - [2025-03-13T20:45:36.731+0000] {dag.py:3441} INFO - Setting next_dagrun for tutorial_dag to None, run_after=None
[2025-03-13T20:45:36.743+0000] {processor.py:175} INFO - Processing /home/airflow/.local/lib/python3.7/site-packages/airflow/example_dags/tutorial_dag.py took 0.059 seconds
[2025-03-13T20:46:07.751+0000] {processor.py:153} INFO - Started process (PID=801) to work on /home/airflow/.local/lib/python3.7/site-packages/airflow/example_dags/tutorial_dag.py
[2025-03-13T20:46:07.753+0000] {processor.py:743} INFO - Processing file /home/airflow/.local/lib/python3.7/site-packages/airflow/example_dags/tutorial_dag.py for tasks to queue
[2025-03-13T20:46:07.753+0000] {logging_mixin.py:137} INFO - [2025-03-13T20:46:07.753+0000] {dagbag.py:538} INFO - Filling up the DagBag from /home/airflow/.local/lib/python3.7/site-packages/airflow/example_dags/tutorial_dag.py
[2025-03-13T20:46:07.771+0000] {processor.py:753} INFO - DAG(s) dict_keys(['tutorial_dag']) retrieved from /home/airflow/.local/lib/python3.7/site-packages/airflow/example_dags/tutorial_dag.py
[2025-03-13T20:46:07.800+0000] {logging_mixin.py:137} INFO - [2025-03-13T20:46:07.799+0000] {dag.py:2690} INFO - Sync 1 DAGs
[2025-03-13T20:46:07.824+0000] {logging_mixin.py:137} INFO - [2025-03-13T20:46:07.824+0000] {dag.py:3441} INFO - Setting next_dagrun for tutorial_dag to None, run_after=None
[2025-03-13T20:46:07.841+0000] {processor.py:175} INFO - Processing /home/airflow/.local/lib/python3.7/site-packages/airflow/example_dags/tutorial_dag.py took 0.094 seconds
[2025-03-13T20:46:38.574+0000] {processor.py:153} INFO - Started process (PID=888) to work on /home/airflow/.local/lib/python3.7/site-packages/airflow/example_dags/tutorial_dag.py
[2025-03-13T20:46:38.575+0000] {processor.py:743} INFO - Processing file /home/airflow/.local/lib/python3.7/site-packages/airflow/example_dags/tutorial_dag.py for tasks to queue
[2025-03-13T20:46:38.575+0000] {logging_mixin.py:137} INFO - [2025-03-13T20:46:38.575+0000] {dagbag.py:538} INFO - Filling up the DagBag from /home/airflow/.local/lib/python3.7/site-packages/airflow/example_dags/tutorial_dag.py
[2025-03-13T20:46:38.586+0000] {processor.py:753} INFO - DAG(s) dict_keys(['tutorial_dag']) retrieved from /home/airflow/.local/lib/python3.7/site-packages/airflow/example_dags/tutorial_dag.py
[2025-03-13T20:46:38.604+0000] {logging_mixin.py:137} INFO - [2025-03-13T20:46:38.604+0000] {dag.py:2690} INFO - Sync 1 DAGs
[2025-03-13T20:46:38.623+0000] {logging_mixin.py:137} INFO - [2025-03-13T20:46:38.623+0000] {dag.py:3441} INFO - Setting next_dagrun for tutorial_dag to None, run_after=None
[2025-03-13T20:46:38.636+0000] {processor.py:175} INFO - Processing /home/airflow/.local/lib/python3.7/site-packages/airflow/example_dags/tutorial_dag.py took 0.064 seconds
[2025-03-13T20:47:09.427+0000] {processor.py:153} INFO - Started process (PID=1000) to work on /home/airflow/.local/lib/python3.7/site-packages/airflow/example_dags/tutorial_dag.py
[2025-03-13T20:47:09.428+0000] {processor.py:743} INFO - Processing file /home/airflow/.local/lib/python3.7/site-packages/airflow/example_dags/tutorial_dag.py for tasks to queue
[2025-03-13T20:47:09.428+0000] {logging_mixin.py:137} INFO - [2025-03-13T20:47:09.428+0000] {dagbag.py:538} INFO - Filling up the DagBag from /home/airflow/.local/lib/python3.7/site-packages/airflow/example_dags/tutorial_dag.py
[2025-03-13T20:47:09.437+0000] {processor.py:753} INFO - DAG(s) dict_keys(['tutorial_dag']) retrieved from /home/airflow/.local/lib/python3.7/site-packages/airflow/example_dags/tutorial_dag.py
[2025-03-13T20:47:09.455+0000] {logging_mixin.py:137} INFO - [2025-03-13T20:47:09.455+0000] {dag.py:2690} INFO - Sync 1 DAGs
[2025-03-13T20:47:09.472+0000] {logging_mixin.py:137} INFO - [2025-03-13T20:47:09.472+0000] {dag.py:3441} INFO - Setting next_dagrun for tutorial_dag to None, run_after=None
[2025-03-13T20:47:09.485+0000] {processor.py:175} INFO - Processing /home/airflow/.local/lib/python3.7/site-packages/airflow/example_dags/tutorial_dag.py took 0.060 seconds
[2025-03-13T20:49:09.953+0000] {processor.py:153} INFO - Started process (PID=95) to work on /home/airflow/.local/lib/python3.7/site-packages/airflow/example_dags/tutorial_dag.py
[2025-03-13T20:49:09.957+0000] {processor.py:743} INFO - Processing file /home/airflow/.local/lib/python3.7/site-packages/airflow/example_dags/tutorial_dag.py for tasks to queue
[2025-03-13T20:49:09.957+0000] {logging_mixin.py:137} INFO - [2025-03-13T20:49:09.957+0000] {dagbag.py:538} INFO - Filling up the DagBag from /home/airflow/.local/lib/python3.7/site-packages/airflow/example_dags/tutorial_dag.py
[2025-03-13T20:49:10.024+0000] {processor.py:753} INFO - DAG(s) dict_keys(['tutorial_dag']) retrieved from /home/airflow/.local/lib/python3.7/site-packages/airflow/example_dags/tutorial_dag.py
[2025-03-13T20:49:10.166+0000] {logging_mixin.py:137} INFO - [2025-03-13T20:49:10.166+0000] {manager.py:504} INFO - Created Permission View: can edit on DAG:tutorial_dag
[2025-03-13T20:49:10.173+0000] {logging_mixin.py:137} INFO - [2025-03-13T20:49:10.173+0000] {manager.py:504} INFO - Created Permission View: can read on DAG:tutorial_dag
[2025-03-13T20:49:10.179+0000] {logging_mixin.py:137} INFO - [2025-03-13T20:49:10.179+0000] {manager.py:504} INFO - Created Permission View: can delete on DAG:tutorial_dag
[2025-03-13T20:49:10.179+0000] {logging_mixin.py:137} INFO - [2025-03-13T20:49:10.179+0000] {dag.py:2690} INFO - Sync 1 DAGs
[2025-03-13T20:49:10.190+0000] {logging_mixin.py:137} INFO - [2025-03-13T20:49:10.189+0000] {dag.py:2711} INFO - Creating ORM DAG for tutorial_dag
[2025-03-13T20:49:10.199+0000] {logging_mixin.py:137} INFO - [2025-03-13T20:49:10.199+0000] {dag.py:3441} INFO - Setting next_dagrun for tutorial_dag to None, run_after=None
[2025-03-13T20:49:10.213+0000] {processor.py:175} INFO - Processing /home/airflow/.local/lib/python3.7/site-packages/airflow/example_dags/tutorial_dag.py took 0.271 seconds
[2025-03-13T20:49:40.433+0000] {processor.py:153} INFO - Started process (PID=182) to work on /home/airflow/.local/lib/python3.7/site-packages/airflow/example_dags/tutorial_dag.py
[2025-03-13T20:49:40.434+0000] {processor.py:743} INFO - Processing file /home/airflow/.local/lib/python3.7/site-packages/airflow/example_dags/tutorial_dag.py for tasks to queue
[2025-03-13T20:49:40.434+0000] {logging_mixin.py:137} INFO - [2025-03-13T20:49:40.434+0000] {dagbag.py:538} INFO - Filling up the DagBag from /home/airflow/.local/lib/python3.7/site-packages/airflow/example_dags/tutorial_dag.py
[2025-03-13T20:49:40.443+0000] {processor.py:753} INFO - DAG(s) dict_keys(['tutorial_dag']) retrieved from /home/airflow/.local/lib/python3.7/site-packages/airflow/example_dags/tutorial_dag.py
[2025-03-13T20:49:40.460+0000] {logging_mixin.py:137} INFO - [2025-03-13T20:49:40.460+0000] {dag.py:2690} INFO - Sync 1 DAGs
[2025-03-13T20:49:40.475+0000] {logging_mixin.py:137} INFO - [2025-03-13T20:49:40.475+0000] {dag.py:3441} INFO - Setting next_dagrun for tutorial_dag to None, run_after=None
[2025-03-13T20:49:40.487+0000] {processor.py:175} INFO - Processing /home/airflow/.local/lib/python3.7/site-packages/airflow/example_dags/tutorial_dag.py took 0.056 seconds
[2025-03-13T20:50:11.329+0000] {processor.py:153} INFO - Started process (PID=292) to work on /home/airflow/.local/lib/python3.7/site-packages/airflow/example_dags/tutorial_dag.py
[2025-03-13T20:50:11.330+0000] {processor.py:743} INFO - Processing file /home/airflow/.local/lib/python3.7/site-packages/airflow/example_dags/tutorial_dag.py for tasks to queue
[2025-03-13T20:50:11.330+0000] {logging_mixin.py:137} INFO - [2025-03-13T20:50:11.330+0000] {dagbag.py:538} INFO - Filling up the DagBag from /home/airflow/.local/lib/python3.7/site-packages/airflow/example_dags/tutorial_dag.py
[2025-03-13T20:50:11.340+0000] {processor.py:753} INFO - DAG(s) dict_keys(['tutorial_dag']) retrieved from /home/airflow/.local/lib/python3.7/site-packages/airflow/example_dags/tutorial_dag.py
[2025-03-13T20:50:11.355+0000] {logging_mixin.py:137} INFO - [2025-03-13T20:50:11.355+0000] {dag.py:2690} INFO - Sync 1 DAGs
[2025-03-13T20:50:11.371+0000] {logging_mixin.py:137} INFO - [2025-03-13T20:50:11.371+0000] {dag.py:3441} INFO - Setting next_dagrun for tutorial_dag to None, run_after=None
[2025-03-13T20:50:11.381+0000] {processor.py:175} INFO - Processing /home/airflow/.local/lib/python3.7/site-packages/airflow/example_dags/tutorial_dag.py took 0.054 seconds
[2025-03-13T20:50:42.073+0000] {processor.py:153} INFO - Started process (PID=379) to work on /home/airflow/.local/lib/python3.7/site-packages/airflow/example_dags/tutorial_dag.py
[2025-03-13T20:50:42.074+0000] {processor.py:743} INFO - Processing file /home/airflow/.local/lib/python3.7/site-packages/airflow/example_dags/tutorial_dag.py for tasks to queue
[2025-03-13T20:50:42.074+0000] {logging_mixin.py:137} INFO - [2025-03-13T20:50:42.074+0000] {dagbag.py:538} INFO - Filling up the DagBag from /home/airflow/.local/lib/python3.7/site-packages/airflow/example_dags/tutorial_dag.py
[2025-03-13T20:50:42.084+0000] {processor.py:753} INFO - DAG(s) dict_keys(['tutorial_dag']) retrieved from /home/airflow/.local/lib/python3.7/site-packages/airflow/example_dags/tutorial_dag.py
[2025-03-13T20:50:42.105+0000] {logging_mixin.py:137} INFO - [2025-03-13T20:50:42.105+0000] {dag.py:2690} INFO - Sync 1 DAGs
[2025-03-13T20:50:42.126+0000] {logging_mixin.py:137} INFO - [2025-03-13T20:50:42.125+0000] {dag.py:3441} INFO - Setting next_dagrun for tutorial_dag to None, run_after=None
[2025-03-13T20:50:42.140+0000] {processor.py:175} INFO - Processing /home/airflow/.local/lib/python3.7/site-packages/airflow/example_dags/tutorial_dag.py took 0.070 seconds
[2025-03-13T20:51:12.814+0000] {processor.py:153} INFO - Started process (PID=490) to work on /home/airflow/.local/lib/python3.7/site-packages/airflow/example_dags/tutorial_dag.py
[2025-03-13T20:51:12.815+0000] {processor.py:743} INFO - Processing file /home/airflow/.local/lib/python3.7/site-packages/airflow/example_dags/tutorial_dag.py for tasks to queue
[2025-03-13T20:51:12.815+0000] {logging_mixin.py:137} INFO - [2025-03-13T20:51:12.815+0000] {dagbag.py:538} INFO - Filling up the DagBag from /home/airflow/.local/lib/python3.7/site-packages/airflow/example_dags/tutorial_dag.py
[2025-03-13T20:51:12.823+0000] {processor.py:753} INFO - DAG(s) dict_keys(['tutorial_dag']) retrieved from /home/airflow/.local/lib/python3.7/site-packages/airflow/example_dags/tutorial_dag.py
[2025-03-13T20:51:12.837+0000] {logging_mixin.py:137} INFO - [2025-03-13T20:51:12.837+0000] {dag.py:2690} INFO - Sync 1 DAGs
[2025-03-13T20:51:12.850+0000] {logging_mixin.py:137} INFO - [2025-03-13T20:51:12.850+0000] {dag.py:3441} INFO - Setting next_dagrun for tutorial_dag to None, run_after=None
[2025-03-13T20:51:12.860+0000] {processor.py:175} INFO - Processing /home/airflow/.local/lib/python3.7/site-packages/airflow/example_dags/tutorial_dag.py took 0.047 seconds
[2025-03-13T20:51:43.362+0000] {processor.py:153} INFO - Started process (PID=577) to work on /home/airflow/.local/lib/python3.7/site-packages/airflow/example_dags/tutorial_dag.py
[2025-03-13T20:51:43.362+0000] {processor.py:743} INFO - Processing file /home/airflow/.local/lib/python3.7/site-packages/airflow/example_dags/tutorial_dag.py for tasks to queue
[2025-03-13T20:51:43.362+0000] {logging_mixin.py:137} INFO - [2025-03-13T20:51:43.362+0000] {dagbag.py:538} INFO - Filling up the DagBag from /home/airflow/.local/lib/python3.7/site-packages/airflow/example_dags/tutorial_dag.py
[2025-03-13T20:51:43.370+0000] {processor.py:753} INFO - DAG(s) dict_keys(['tutorial_dag']) retrieved from /home/airflow/.local/lib/python3.7/site-packages/airflow/example_dags/tutorial_dag.py
[2025-03-13T20:51:43.385+0000] {logging_mixin.py:137} INFO - [2025-03-13T20:51:43.384+0000] {dag.py:2690} INFO - Sync 1 DAGs
[2025-03-13T20:51:43.400+0000] {logging_mixin.py:137} INFO - [2025-03-13T20:51:43.400+0000] {dag.py:3441} INFO - Setting next_dagrun for tutorial_dag to None, run_after=None
[2025-03-13T20:51:43.413+0000] {processor.py:175} INFO - Processing /home/airflow/.local/lib/python3.7/site-packages/airflow/example_dags/tutorial_dag.py took 0.053 seconds
