[2025-03-13T20:36:42.025+0000] {processor.py:153} INFO - Started process (PID=65) to work on /home/airflow/.local/lib/python3.7/site-packages/airflow/example_dags/tutorial.py
[2025-03-13T20:36:42.025+0000] {processor.py:743} INFO - Processing file /home/airflow/.local/lib/python3.7/site-packages/airflow/example_dags/tutorial.py for tasks to queue
[2025-03-13T20:36:42.026+0000] {logging_mixin.py:137} INFO - [2025-03-13T20:36:42.026+0000] {dagbag.py:538} INFO - Filling up the DagBag from /home/airflow/.local/lib/python3.7/site-packages/airflow/example_dags/tutorial.py
[2025-03-13T20:36:42.037+0000] {processor.py:753} INFO - DAG(s) dict_keys(['tutorial']) retrieved from /home/airflow/.local/lib/python3.7/site-packages/airflow/example_dags/tutorial.py
[2025-03-13T20:36:42.049+0000] {logging_mixin.py:137} INFO - [2025-03-13T20:36:42.049+0000] {dag.py:2690} INFO - Sync 1 DAGs
[2025-03-13T20:36:42.069+0000] {logging_mixin.py:137} INFO - [2025-03-13T20:36:42.069+0000] {dag.py:3441} INFO - Setting next_dagrun for tutorial to 2025-03-12T20:36:42.069419+00:00, run_after=2025-03-13T20:36:42.069419+00:00
[2025-03-13T20:36:42.084+0000] {processor.py:175} INFO - Processing /home/airflow/.local/lib/python3.7/site-packages/airflow/example_dags/tutorial.py took 0.062 seconds
[2025-03-13T20:37:12.787+0000] {processor.py:153} INFO - Started process (PID=176) to work on /home/airflow/.local/lib/python3.7/site-packages/airflow/example_dags/tutorial.py
[2025-03-13T20:37:12.787+0000] {processor.py:743} INFO - Processing file /home/airflow/.local/lib/python3.7/site-packages/airflow/example_dags/tutorial.py for tasks to queue
[2025-03-13T20:37:12.788+0000] {logging_mixin.py:137} INFO - [2025-03-13T20:37:12.788+0000] {dagbag.py:538} INFO - Filling up the DagBag from /home/airflow/.local/lib/python3.7/site-packages/airflow/example_dags/tutorial.py
[2025-03-13T20:37:12.798+0000] {processor.py:753} INFO - DAG(s) dict_keys(['tutorial']) retrieved from /home/airflow/.local/lib/python3.7/site-packages/airflow/example_dags/tutorial.py
[2025-03-13T20:37:12.813+0000] {logging_mixin.py:137} INFO - [2025-03-13T20:37:12.813+0000] {dag.py:2690} INFO - Sync 1 DAGs
[2025-03-13T20:37:12.829+0000] {logging_mixin.py:137} INFO - [2025-03-13T20:37:12.829+0000] {dag.py:3441} INFO - Setting next_dagrun for tutorial to 2025-03-12T20:37:12.829072+00:00, run_after=2025-03-13T20:37:12.829072+00:00
[2025-03-13T20:37:12.840+0000] {processor.py:175} INFO - Processing /home/airflow/.local/lib/python3.7/site-packages/airflow/example_dags/tutorial.py took 0.055 seconds
[2025-03-13T20:37:43.767+0000] {processor.py:153} INFO - Started process (PID=272) to work on /home/airflow/.local/lib/python3.7/site-packages/airflow/example_dags/tutorial.py
[2025-03-13T20:37:43.767+0000] {processor.py:743} INFO - Processing file /home/airflow/.local/lib/python3.7/site-packages/airflow/example_dags/tutorial.py for tasks to queue
[2025-03-13T20:37:43.768+0000] {logging_mixin.py:137} INFO - [2025-03-13T20:37:43.768+0000] {dagbag.py:538} INFO - Filling up the DagBag from /home/airflow/.local/lib/python3.7/site-packages/airflow/example_dags/tutorial.py
[2025-03-13T20:37:43.780+0000] {processor.py:753} INFO - DAG(s) dict_keys(['tutorial']) retrieved from /home/airflow/.local/lib/python3.7/site-packages/airflow/example_dags/tutorial.py
[2025-03-13T20:37:43.800+0000] {logging_mixin.py:137} INFO - [2025-03-13T20:37:43.800+0000] {dag.py:2690} INFO - Sync 1 DAGs
[2025-03-13T20:37:43.822+0000] {logging_mixin.py:137} INFO - [2025-03-13T20:37:43.822+0000] {dag.py:3441} INFO - Setting next_dagrun for tutorial to 2025-03-12T20:37:43.821931+00:00, run_after=2025-03-13T20:37:43.821931+00:00
[2025-03-13T20:37:43.837+0000] {processor.py:175} INFO - Processing /home/airflow/.local/lib/python3.7/site-packages/airflow/example_dags/tutorial.py took 0.074 seconds
[2025-03-13T20:38:14.639+0000] {processor.py:153} INFO - Started process (PID=374) to work on /home/airflow/.local/lib/python3.7/site-packages/airflow/example_dags/tutorial.py
[2025-03-13T20:38:14.639+0000] {processor.py:743} INFO - Processing file /home/airflow/.local/lib/python3.7/site-packages/airflow/example_dags/tutorial.py for tasks to queue
[2025-03-13T20:38:14.640+0000] {logging_mixin.py:137} INFO - [2025-03-13T20:38:14.640+0000] {dagbag.py:538} INFO - Filling up the DagBag from /home/airflow/.local/lib/python3.7/site-packages/airflow/example_dags/tutorial.py
[2025-03-13T20:38:14.650+0000] {processor.py:753} INFO - DAG(s) dict_keys(['tutorial']) retrieved from /home/airflow/.local/lib/python3.7/site-packages/airflow/example_dags/tutorial.py
[2025-03-13T20:38:14.666+0000] {logging_mixin.py:137} INFO - [2025-03-13T20:38:14.666+0000] {dag.py:2690} INFO - Sync 1 DAGs
[2025-03-13T20:38:14.681+0000] {logging_mixin.py:137} INFO - [2025-03-13T20:38:14.681+0000] {dag.py:3441} INFO - Setting next_dagrun for tutorial to 2025-03-12T20:38:14.681257+00:00, run_after=2025-03-13T20:38:14.681257+00:00
[2025-03-13T20:38:14.693+0000] {processor.py:175} INFO - Processing /home/airflow/.local/lib/python3.7/site-packages/airflow/example_dags/tutorial.py took 0.056 seconds
[2025-03-13T20:38:45.308+0000] {processor.py:153} INFO - Started process (PID=485) to work on /home/airflow/.local/lib/python3.7/site-packages/airflow/example_dags/tutorial.py
[2025-03-13T20:38:45.309+0000] {processor.py:743} INFO - Processing file /home/airflow/.local/lib/python3.7/site-packages/airflow/example_dags/tutorial.py for tasks to queue
[2025-03-13T20:38:45.309+0000] {logging_mixin.py:137} INFO - [2025-03-13T20:38:45.309+0000] {dagbag.py:538} INFO - Filling up the DagBag from /home/airflow/.local/lib/python3.7/site-packages/airflow/example_dags/tutorial.py
[2025-03-13T20:38:45.318+0000] {processor.py:753} INFO - DAG(s) dict_keys(['tutorial']) retrieved from /home/airflow/.local/lib/python3.7/site-packages/airflow/example_dags/tutorial.py
[2025-03-13T20:38:45.333+0000] {logging_mixin.py:137} INFO - [2025-03-13T20:38:45.333+0000] {dag.py:2690} INFO - Sync 1 DAGs
[2025-03-13T20:38:45.348+0000] {logging_mixin.py:137} INFO - [2025-03-13T20:38:45.348+0000] {dag.py:3441} INFO - Setting next_dagrun for tutorial to 2025-03-12T20:38:45.348597+00:00, run_after=2025-03-13T20:38:45.348597+00:00
[2025-03-13T20:38:45.359+0000] {processor.py:175} INFO - Processing /home/airflow/.local/lib/python3.7/site-packages/airflow/example_dags/tutorial.py took 0.053 seconds
[2025-03-13T20:39:15.969+0000] {processor.py:153} INFO - Started process (PID=572) to work on /home/airflow/.local/lib/python3.7/site-packages/airflow/example_dags/tutorial.py
[2025-03-13T20:39:15.969+0000] {processor.py:743} INFO - Processing file /home/airflow/.local/lib/python3.7/site-packages/airflow/example_dags/tutorial.py for tasks to queue
[2025-03-13T20:39:15.969+0000] {logging_mixin.py:137} INFO - [2025-03-13T20:39:15.969+0000] {dagbag.py:538} INFO - Filling up the DagBag from /home/airflow/.local/lib/python3.7/site-packages/airflow/example_dags/tutorial.py
[2025-03-13T20:39:15.979+0000] {processor.py:753} INFO - DAG(s) dict_keys(['tutorial']) retrieved from /home/airflow/.local/lib/python3.7/site-packages/airflow/example_dags/tutorial.py
[2025-03-13T20:39:15.996+0000] {logging_mixin.py:137} INFO - [2025-03-13T20:39:15.996+0000] {dag.py:2690} INFO - Sync 1 DAGs
[2025-03-13T20:39:16.012+0000] {logging_mixin.py:137} INFO - [2025-03-13T20:39:16.012+0000] {dag.py:3441} INFO - Setting next_dagrun for tutorial to 2025-03-12T20:39:16.012568+00:00, run_after=2025-03-13T20:39:16.012568+00:00
[2025-03-13T20:39:16.026+0000] {processor.py:175} INFO - Processing /home/airflow/.local/lib/python3.7/site-packages/airflow/example_dags/tutorial.py took 0.059 seconds
[2025-03-13T20:39:46.560+0000] {processor.py:153} INFO - Started process (PID=683) to work on /home/airflow/.local/lib/python3.7/site-packages/airflow/example_dags/tutorial.py
[2025-03-13T20:39:46.560+0000] {processor.py:743} INFO - Processing file /home/airflow/.local/lib/python3.7/site-packages/airflow/example_dags/tutorial.py for tasks to queue
[2025-03-13T20:39:46.561+0000] {logging_mixin.py:137} INFO - [2025-03-13T20:39:46.561+0000] {dagbag.py:538} INFO - Filling up the DagBag from /home/airflow/.local/lib/python3.7/site-packages/airflow/example_dags/tutorial.py
[2025-03-13T20:39:46.570+0000] {processor.py:753} INFO - DAG(s) dict_keys(['tutorial']) retrieved from /home/airflow/.local/lib/python3.7/site-packages/airflow/example_dags/tutorial.py
[2025-03-13T20:39:46.591+0000] {logging_mixin.py:137} INFO - [2025-03-13T20:39:46.591+0000] {dag.py:2690} INFO - Sync 1 DAGs
[2025-03-13T20:39:46.610+0000] {logging_mixin.py:137} INFO - [2025-03-13T20:39:46.609+0000] {dag.py:3441} INFO - Setting next_dagrun for tutorial to 2025-03-12T20:39:46.609760+00:00, run_after=2025-03-13T20:39:46.609760+00:00
[2025-03-13T20:39:46.622+0000] {processor.py:175} INFO - Processing /home/airflow/.local/lib/python3.7/site-packages/airflow/example_dags/tutorial.py took 0.064 seconds
[2025-03-13T20:42:31.069+0000] {processor.py:153} INFO - Started process (PID=72) to work on /home/airflow/.local/lib/python3.7/site-packages/airflow/example_dags/tutorial.py
[2025-03-13T20:42:31.070+0000] {processor.py:743} INFO - Processing file /home/airflow/.local/lib/python3.7/site-packages/airflow/example_dags/tutorial.py for tasks to queue
[2025-03-13T20:42:31.070+0000] {logging_mixin.py:137} INFO - [2025-03-13T20:42:31.070+0000] {dagbag.py:538} INFO - Filling up the DagBag from /home/airflow/.local/lib/python3.7/site-packages/airflow/example_dags/tutorial.py
[2025-03-13T20:42:31.082+0000] {processor.py:753} INFO - DAG(s) dict_keys(['tutorial']) retrieved from /home/airflow/.local/lib/python3.7/site-packages/airflow/example_dags/tutorial.py
[2025-03-13T20:42:31.180+0000] {logging_mixin.py:137} INFO - [2025-03-13T20:42:31.180+0000] {manager.py:504} INFO - Created Permission View: can read on DAG:tutorial
[2025-03-13T20:42:31.188+0000] {logging_mixin.py:137} INFO - [2025-03-13T20:42:31.188+0000] {manager.py:504} INFO - Created Permission View: can edit on DAG:tutorial
[2025-03-13T20:42:31.193+0000] {logging_mixin.py:137} INFO - [2025-03-13T20:42:31.193+0000] {manager.py:504} INFO - Created Permission View: can delete on DAG:tutorial
[2025-03-13T20:42:31.193+0000] {logging_mixin.py:137} INFO - [2025-03-13T20:42:31.193+0000] {dag.py:2690} INFO - Sync 1 DAGs
[2025-03-13T20:42:31.204+0000] {logging_mixin.py:137} INFO - [2025-03-13T20:42:31.204+0000] {dag.py:2711} INFO - Creating ORM DAG for tutorial
[2025-03-13T20:42:31.214+0000] {logging_mixin.py:137} INFO - [2025-03-13T20:42:31.214+0000] {dag.py:3441} INFO - Setting next_dagrun for tutorial to 2025-03-12T20:42:31.214178+00:00, run_after=2025-03-13T20:42:31.214178+00:00
[2025-03-13T20:42:31.229+0000] {processor.py:175} INFO - Processing /home/airflow/.local/lib/python3.7/site-packages/airflow/example_dags/tutorial.py took 0.163 seconds
[2025-03-13T20:43:02.014+0000] {processor.py:153} INFO - Started process (PID=176) to work on /home/airflow/.local/lib/python3.7/site-packages/airflow/example_dags/tutorial.py
[2025-03-13T20:43:02.015+0000] {processor.py:743} INFO - Processing file /home/airflow/.local/lib/python3.7/site-packages/airflow/example_dags/tutorial.py for tasks to queue
[2025-03-13T20:43:02.015+0000] {logging_mixin.py:137} INFO - [2025-03-13T20:43:02.015+0000] {dagbag.py:538} INFO - Filling up the DagBag from /home/airflow/.local/lib/python3.7/site-packages/airflow/example_dags/tutorial.py
[2025-03-13T20:43:02.025+0000] {processor.py:753} INFO - DAG(s) dict_keys(['tutorial']) retrieved from /home/airflow/.local/lib/python3.7/site-packages/airflow/example_dags/tutorial.py
[2025-03-13T20:43:02.039+0000] {logging_mixin.py:137} INFO - [2025-03-13T20:43:02.039+0000] {dag.py:2690} INFO - Sync 1 DAGs
[2025-03-13T20:43:02.054+0000] {logging_mixin.py:137} INFO - [2025-03-13T20:43:02.054+0000] {dag.py:3441} INFO - Setting next_dagrun for tutorial to 2025-03-12T20:43:02.054679+00:00, run_after=2025-03-13T20:43:02.054679+00:00
[2025-03-13T20:43:02.067+0000] {processor.py:175} INFO - Processing /home/airflow/.local/lib/python3.7/site-packages/airflow/example_dags/tutorial.py took 0.055 seconds
[2025-03-13T20:43:33.050+0000] {processor.py:153} INFO - Started process (PID=288) to work on /home/airflow/.local/lib/python3.7/site-packages/airflow/example_dags/tutorial.py
[2025-03-13T20:43:33.050+0000] {processor.py:743} INFO - Processing file /home/airflow/.local/lib/python3.7/site-packages/airflow/example_dags/tutorial.py for tasks to queue
[2025-03-13T20:43:33.051+0000] {logging_mixin.py:137} INFO - [2025-03-13T20:43:33.051+0000] {dagbag.py:538} INFO - Filling up the DagBag from /home/airflow/.local/lib/python3.7/site-packages/airflow/example_dags/tutorial.py
[2025-03-13T20:43:33.060+0000] {processor.py:753} INFO - DAG(s) dict_keys(['tutorial']) retrieved from /home/airflow/.local/lib/python3.7/site-packages/airflow/example_dags/tutorial.py
[2025-03-13T20:43:33.074+0000] {logging_mixin.py:137} INFO - [2025-03-13T20:43:33.074+0000] {dag.py:2690} INFO - Sync 1 DAGs
[2025-03-13T20:43:33.090+0000] {logging_mixin.py:137} INFO - [2025-03-13T20:43:33.090+0000] {dag.py:3441} INFO - Setting next_dagrun for tutorial to 2025-03-12T20:43:33.090393+00:00, run_after=2025-03-13T20:43:33.090393+00:00
[2025-03-13T20:43:33.102+0000] {processor.py:175} INFO - Processing /home/airflow/.local/lib/python3.7/site-packages/airflow/example_dags/tutorial.py took 0.054 seconds
[2025-03-13T20:44:03.703+0000] {processor.py:153} INFO - Started process (PID=375) to work on /home/airflow/.local/lib/python3.7/site-packages/airflow/example_dags/tutorial.py
[2025-03-13T20:44:03.704+0000] {processor.py:743} INFO - Processing file /home/airflow/.local/lib/python3.7/site-packages/airflow/example_dags/tutorial.py for tasks to queue
[2025-03-13T20:44:03.704+0000] {logging_mixin.py:137} INFO - [2025-03-13T20:44:03.704+0000] {dagbag.py:538} INFO - Filling up the DagBag from /home/airflow/.local/lib/python3.7/site-packages/airflow/example_dags/tutorial.py
[2025-03-13T20:44:03.713+0000] {processor.py:753} INFO - DAG(s) dict_keys(['tutorial']) retrieved from /home/airflow/.local/lib/python3.7/site-packages/airflow/example_dags/tutorial.py
[2025-03-13T20:44:03.730+0000] {logging_mixin.py:137} INFO - [2025-03-13T20:44:03.730+0000] {dag.py:2690} INFO - Sync 1 DAGs
[2025-03-13T20:44:03.748+0000] {logging_mixin.py:137} INFO - [2025-03-13T20:44:03.748+0000] {dag.py:3441} INFO - Setting next_dagrun for tutorial to 2025-03-12T20:44:03.748147+00:00, run_after=2025-03-13T20:44:03.748147+00:00
[2025-03-13T20:44:03.761+0000] {processor.py:175} INFO - Processing /home/airflow/.local/lib/python3.7/site-packages/airflow/example_dags/tutorial.py took 0.061 seconds
[2025-03-13T20:44:34.606+0000] {processor.py:153} INFO - Started process (PID=486) to work on /home/airflow/.local/lib/python3.7/site-packages/airflow/example_dags/tutorial.py
[2025-03-13T20:44:34.606+0000] {processor.py:743} INFO - Processing file /home/airflow/.local/lib/python3.7/site-packages/airflow/example_dags/tutorial.py for tasks to queue
[2025-03-13T20:44:34.606+0000] {logging_mixin.py:137} INFO - [2025-03-13T20:44:34.606+0000] {dagbag.py:538} INFO - Filling up the DagBag from /home/airflow/.local/lib/python3.7/site-packages/airflow/example_dags/tutorial.py
[2025-03-13T20:44:34.616+0000] {processor.py:753} INFO - DAG(s) dict_keys(['tutorial']) retrieved from /home/airflow/.local/lib/python3.7/site-packages/airflow/example_dags/tutorial.py
[2025-03-13T20:44:34.632+0000] {logging_mixin.py:137} INFO - [2025-03-13T20:44:34.632+0000] {dag.py:2690} INFO - Sync 1 DAGs
[2025-03-13T20:44:34.650+0000] {logging_mixin.py:137} INFO - [2025-03-13T20:44:34.649+0000] {dag.py:3441} INFO - Setting next_dagrun for tutorial to 2025-03-12T20:44:34.649713+00:00, run_after=2025-03-13T20:44:34.649713+00:00
[2025-03-13T20:44:34.661+0000] {processor.py:175} INFO - Processing /home/airflow/.local/lib/python3.7/site-packages/airflow/example_dags/tutorial.py took 0.059 seconds
[2025-03-13T20:45:05.426+0000] {processor.py:153} INFO - Started process (PID=573) to work on /home/airflow/.local/lib/python3.7/site-packages/airflow/example_dags/tutorial.py
[2025-03-13T20:45:05.426+0000] {processor.py:743} INFO - Processing file /home/airflow/.local/lib/python3.7/site-packages/airflow/example_dags/tutorial.py for tasks to queue
[2025-03-13T20:45:05.427+0000] {logging_mixin.py:137} INFO - [2025-03-13T20:45:05.427+0000] {dagbag.py:538} INFO - Filling up the DagBag from /home/airflow/.local/lib/python3.7/site-packages/airflow/example_dags/tutorial.py
[2025-03-13T20:45:05.439+0000] {processor.py:753} INFO - DAG(s) dict_keys(['tutorial']) retrieved from /home/airflow/.local/lib/python3.7/site-packages/airflow/example_dags/tutorial.py
[2025-03-13T20:45:05.458+0000] {logging_mixin.py:137} INFO - [2025-03-13T20:45:05.458+0000] {dag.py:2690} INFO - Sync 1 DAGs
[2025-03-13T20:45:05.477+0000] {logging_mixin.py:137} INFO - [2025-03-13T20:45:05.477+0000] {dag.py:3441} INFO - Setting next_dagrun for tutorial to 2025-03-12T20:45:05.477225+00:00, run_after=2025-03-13T20:45:05.477225+00:00
[2025-03-13T20:45:05.492+0000] {processor.py:175} INFO - Processing /home/airflow/.local/lib/python3.7/site-packages/airflow/example_dags/tutorial.py took 0.069 seconds
[2025-03-13T20:45:36.429+0000] {processor.py:153} INFO - Started process (PID=684) to work on /home/airflow/.local/lib/python3.7/site-packages/airflow/example_dags/tutorial.py
[2025-03-13T20:45:36.429+0000] {processor.py:743} INFO - Processing file /home/airflow/.local/lib/python3.7/site-packages/airflow/example_dags/tutorial.py for tasks to queue
[2025-03-13T20:45:36.430+0000] {logging_mixin.py:137} INFO - [2025-03-13T20:45:36.430+0000] {dagbag.py:538} INFO - Filling up the DagBag from /home/airflow/.local/lib/python3.7/site-packages/airflow/example_dags/tutorial.py
[2025-03-13T20:45:36.440+0000] {processor.py:753} INFO - DAG(s) dict_keys(['tutorial']) retrieved from /home/airflow/.local/lib/python3.7/site-packages/airflow/example_dags/tutorial.py
[2025-03-13T20:45:36.458+0000] {logging_mixin.py:137} INFO - [2025-03-13T20:45:36.458+0000] {dag.py:2690} INFO - Sync 1 DAGs
[2025-03-13T20:45:36.476+0000] {logging_mixin.py:137} INFO - [2025-03-13T20:45:36.476+0000] {dag.py:3441} INFO - Setting next_dagrun for tutorial to 2025-03-12T20:45:36.476663+00:00, run_after=2025-03-13T20:45:36.476663+00:00
[2025-03-13T20:45:36.490+0000] {processor.py:175} INFO - Processing /home/airflow/.local/lib/python3.7/site-packages/airflow/example_dags/tutorial.py took 0.063 seconds
[2025-03-13T20:46:07.439+0000] {processor.py:153} INFO - Started process (PID=795) to work on /home/airflow/.local/lib/python3.7/site-packages/airflow/example_dags/tutorial.py
[2025-03-13T20:46:07.440+0000] {processor.py:743} INFO - Processing file /home/airflow/.local/lib/python3.7/site-packages/airflow/example_dags/tutorial.py for tasks to queue
[2025-03-13T20:46:07.440+0000] {logging_mixin.py:137} INFO - [2025-03-13T20:46:07.440+0000] {dagbag.py:538} INFO - Filling up the DagBag from /home/airflow/.local/lib/python3.7/site-packages/airflow/example_dags/tutorial.py
[2025-03-13T20:46:07.451+0000] {processor.py:753} INFO - DAG(s) dict_keys(['tutorial']) retrieved from /home/airflow/.local/lib/python3.7/site-packages/airflow/example_dags/tutorial.py
[2025-03-13T20:46:07.470+0000] {logging_mixin.py:137} INFO - [2025-03-13T20:46:07.470+0000] {dag.py:2690} INFO - Sync 1 DAGs
[2025-03-13T20:46:07.490+0000] {logging_mixin.py:137} INFO - [2025-03-13T20:46:07.490+0000] {dag.py:3441} INFO - Setting next_dagrun for tutorial to 2025-03-12T20:46:07.489903+00:00, run_after=2025-03-13T20:46:07.489903+00:00
[2025-03-13T20:46:07.503+0000] {processor.py:175} INFO - Processing /home/airflow/.local/lib/python3.7/site-packages/airflow/example_dags/tutorial.py took 0.066 seconds
[2025-03-13T20:46:38.309+0000] {processor.py:153} INFO - Started process (PID=882) to work on /home/airflow/.local/lib/python3.7/site-packages/airflow/example_dags/tutorial.py
[2025-03-13T20:46:38.309+0000] {processor.py:743} INFO - Processing file /home/airflow/.local/lib/python3.7/site-packages/airflow/example_dags/tutorial.py for tasks to queue
[2025-03-13T20:46:38.310+0000] {logging_mixin.py:137} INFO - [2025-03-13T20:46:38.310+0000] {dagbag.py:538} INFO - Filling up the DagBag from /home/airflow/.local/lib/python3.7/site-packages/airflow/example_dags/tutorial.py
[2025-03-13T20:46:38.319+0000] {processor.py:753} INFO - DAG(s) dict_keys(['tutorial']) retrieved from /home/airflow/.local/lib/python3.7/site-packages/airflow/example_dags/tutorial.py
[2025-03-13T20:46:38.336+0000] {logging_mixin.py:137} INFO - [2025-03-13T20:46:38.336+0000] {dag.py:2690} INFO - Sync 1 DAGs
[2025-03-13T20:46:38.353+0000] {logging_mixin.py:137} INFO - [2025-03-13T20:46:38.353+0000] {dag.py:3441} INFO - Setting next_dagrun for tutorial to 2025-03-12T20:46:38.353562+00:00, run_after=2025-03-13T20:46:38.353562+00:00
[2025-03-13T20:46:38.367+0000] {processor.py:175} INFO - Processing /home/airflow/.local/lib/python3.7/site-packages/airflow/example_dags/tutorial.py took 0.060 seconds
[2025-03-13T20:47:09.185+0000] {processor.py:153} INFO - Started process (PID=994) to work on /home/airflow/.local/lib/python3.7/site-packages/airflow/example_dags/tutorial.py
[2025-03-13T20:47:09.185+0000] {processor.py:743} INFO - Processing file /home/airflow/.local/lib/python3.7/site-packages/airflow/example_dags/tutorial.py for tasks to queue
[2025-03-13T20:47:09.186+0000] {logging_mixin.py:137} INFO - [2025-03-13T20:47:09.186+0000] {dagbag.py:538} INFO - Filling up the DagBag from /home/airflow/.local/lib/python3.7/site-packages/airflow/example_dags/tutorial.py
[2025-03-13T20:47:09.196+0000] {processor.py:753} INFO - DAG(s) dict_keys(['tutorial']) retrieved from /home/airflow/.local/lib/python3.7/site-packages/airflow/example_dags/tutorial.py
[2025-03-13T20:47:09.213+0000] {logging_mixin.py:137} INFO - [2025-03-13T20:47:09.212+0000] {dag.py:2690} INFO - Sync 1 DAGs
[2025-03-13T20:47:09.230+0000] {logging_mixin.py:137} INFO - [2025-03-13T20:47:09.230+0000] {dag.py:3441} INFO - Setting next_dagrun for tutorial to 2025-03-12T20:47:09.230394+00:00, run_after=2025-03-13T20:47:09.230394+00:00
[2025-03-13T20:47:09.244+0000] {processor.py:175} INFO - Processing /home/airflow/.local/lib/python3.7/site-packages/airflow/example_dags/tutorial.py took 0.062 seconds
[2025-03-13T20:49:09.355+0000] {processor.py:153} INFO - Started process (PID=74) to work on /home/airflow/.local/lib/python3.7/site-packages/airflow/example_dags/tutorial.py
[2025-03-13T20:49:09.356+0000] {processor.py:743} INFO - Processing file /home/airflow/.local/lib/python3.7/site-packages/airflow/example_dags/tutorial.py for tasks to queue
[2025-03-13T20:49:09.356+0000] {logging_mixin.py:137} INFO - [2025-03-13T20:49:09.356+0000] {dagbag.py:538} INFO - Filling up the DagBag from /home/airflow/.local/lib/python3.7/site-packages/airflow/example_dags/tutorial.py
[2025-03-13T20:49:09.369+0000] {processor.py:753} INFO - DAG(s) dict_keys(['tutorial']) retrieved from /home/airflow/.local/lib/python3.7/site-packages/airflow/example_dags/tutorial.py
[2025-03-13T20:49:09.468+0000] {logging_mixin.py:137} INFO - [2025-03-13T20:49:09.468+0000] {manager.py:504} INFO - Created Permission View: can edit on DAG:tutorial
[2025-03-13T20:49:09.476+0000] {logging_mixin.py:137} INFO - [2025-03-13T20:49:09.475+0000] {manager.py:504} INFO - Created Permission View: can read on DAG:tutorial
[2025-03-13T20:49:09.482+0000] {logging_mixin.py:137} INFO - [2025-03-13T20:49:09.481+0000] {manager.py:504} INFO - Created Permission View: can delete on DAG:tutorial
[2025-03-13T20:49:09.482+0000] {logging_mixin.py:137} INFO - [2025-03-13T20:49:09.482+0000] {dag.py:2690} INFO - Sync 1 DAGs
[2025-03-13T20:49:09.493+0000] {logging_mixin.py:137} INFO - [2025-03-13T20:49:09.493+0000] {dag.py:2711} INFO - Creating ORM DAG for tutorial
[2025-03-13T20:49:09.503+0000] {logging_mixin.py:137} INFO - [2025-03-13T20:49:09.503+0000] {dag.py:3441} INFO - Setting next_dagrun for tutorial to 2025-03-12T20:49:09.502776+00:00, run_after=2025-03-13T20:49:09.502776+00:00
[2025-03-13T20:49:09.519+0000] {processor.py:175} INFO - Processing /home/airflow/.local/lib/python3.7/site-packages/airflow/example_dags/tutorial.py took 0.167 seconds
[2025-03-13T20:49:40.193+0000] {processor.py:153} INFO - Started process (PID=176) to work on /home/airflow/.local/lib/python3.7/site-packages/airflow/example_dags/tutorial.py
[2025-03-13T20:49:40.194+0000] {processor.py:743} INFO - Processing file /home/airflow/.local/lib/python3.7/site-packages/airflow/example_dags/tutorial.py for tasks to queue
[2025-03-13T20:49:40.194+0000] {logging_mixin.py:137} INFO - [2025-03-13T20:49:40.194+0000] {dagbag.py:538} INFO - Filling up the DagBag from /home/airflow/.local/lib/python3.7/site-packages/airflow/example_dags/tutorial.py
[2025-03-13T20:49:40.204+0000] {processor.py:753} INFO - DAG(s) dict_keys(['tutorial']) retrieved from /home/airflow/.local/lib/python3.7/site-packages/airflow/example_dags/tutorial.py
[2025-03-13T20:49:40.220+0000] {logging_mixin.py:137} INFO - [2025-03-13T20:49:40.220+0000] {dag.py:2690} INFO - Sync 1 DAGs
[2025-03-13T20:49:40.236+0000] {logging_mixin.py:137} INFO - [2025-03-13T20:49:40.236+0000] {dag.py:3441} INFO - Setting next_dagrun for tutorial to 2025-03-12T20:49:40.236473+00:00, run_after=2025-03-13T20:49:40.236473+00:00
[2025-03-13T20:49:40.249+0000] {processor.py:175} INFO - Processing /home/airflow/.local/lib/python3.7/site-packages/airflow/example_dags/tutorial.py took 0.058 seconds
[2025-03-13T20:50:11.016+0000] {processor.py:153} INFO - Started process (PID=286) to work on /home/airflow/.local/lib/python3.7/site-packages/airflow/example_dags/tutorial.py
[2025-03-13T20:50:11.016+0000] {processor.py:743} INFO - Processing file /home/airflow/.local/lib/python3.7/site-packages/airflow/example_dags/tutorial.py for tasks to queue
[2025-03-13T20:50:11.017+0000] {logging_mixin.py:137} INFO - [2025-03-13T20:50:11.017+0000] {dagbag.py:538} INFO - Filling up the DagBag from /home/airflow/.local/lib/python3.7/site-packages/airflow/example_dags/tutorial.py
[2025-03-13T20:50:11.027+0000] {processor.py:753} INFO - DAG(s) dict_keys(['tutorial']) retrieved from /home/airflow/.local/lib/python3.7/site-packages/airflow/example_dags/tutorial.py
[2025-03-13T20:50:11.046+0000] {logging_mixin.py:137} INFO - [2025-03-13T20:50:11.046+0000] {dag.py:2690} INFO - Sync 1 DAGs
[2025-03-13T20:50:11.064+0000] {logging_mixin.py:137} INFO - [2025-03-13T20:50:11.064+0000] {dag.py:3441} INFO - Setting next_dagrun for tutorial to 2025-03-12T20:50:11.064530+00:00, run_after=2025-03-13T20:50:11.064530+00:00
[2025-03-13T20:50:11.077+0000] {processor.py:175} INFO - Processing /home/airflow/.local/lib/python3.7/site-packages/airflow/example_dags/tutorial.py took 0.064 seconds
[2025-03-13T20:50:41.817+0000] {processor.py:153} INFO - Started process (PID=373) to work on /home/airflow/.local/lib/python3.7/site-packages/airflow/example_dags/tutorial.py
[2025-03-13T20:50:41.817+0000] {processor.py:743} INFO - Processing file /home/airflow/.local/lib/python3.7/site-packages/airflow/example_dags/tutorial.py for tasks to queue
[2025-03-13T20:50:41.818+0000] {logging_mixin.py:137} INFO - [2025-03-13T20:50:41.817+0000] {dagbag.py:538} INFO - Filling up the DagBag from /home/airflow/.local/lib/python3.7/site-packages/airflow/example_dags/tutorial.py
[2025-03-13T20:50:41.828+0000] {processor.py:753} INFO - DAG(s) dict_keys(['tutorial']) retrieved from /home/airflow/.local/lib/python3.7/site-packages/airflow/example_dags/tutorial.py
[2025-03-13T20:50:41.846+0000] {logging_mixin.py:137} INFO - [2025-03-13T20:50:41.846+0000] {dag.py:2690} INFO - Sync 1 DAGs
[2025-03-13T20:50:41.863+0000] {logging_mixin.py:137} INFO - [2025-03-13T20:50:41.862+0000] {dag.py:3441} INFO - Setting next_dagrun for tutorial to 2025-03-12T20:50:41.862796+00:00, run_after=2025-03-13T20:50:41.862796+00:00
[2025-03-13T20:50:41.875+0000] {processor.py:175} INFO - Processing /home/airflow/.local/lib/python3.7/site-packages/airflow/example_dags/tutorial.py took 0.061 seconds
[2025-03-13T20:51:12.593+0000] {processor.py:153} INFO - Started process (PID=484) to work on /home/airflow/.local/lib/python3.7/site-packages/airflow/example_dags/tutorial.py
[2025-03-13T20:51:12.593+0000] {processor.py:743} INFO - Processing file /home/airflow/.local/lib/python3.7/site-packages/airflow/example_dags/tutorial.py for tasks to queue
[2025-03-13T20:51:12.594+0000] {logging_mixin.py:137} INFO - [2025-03-13T20:51:12.594+0000] {dagbag.py:538} INFO - Filling up the DagBag from /home/airflow/.local/lib/python3.7/site-packages/airflow/example_dags/tutorial.py
[2025-03-13T20:51:12.602+0000] {processor.py:753} INFO - DAG(s) dict_keys(['tutorial']) retrieved from /home/airflow/.local/lib/python3.7/site-packages/airflow/example_dags/tutorial.py
[2025-03-13T20:51:12.617+0000] {logging_mixin.py:137} INFO - [2025-03-13T20:51:12.617+0000] {dag.py:2690} INFO - Sync 1 DAGs
[2025-03-13T20:51:12.639+0000] {logging_mixin.py:137} INFO - [2025-03-13T20:51:12.639+0000] {dag.py:3441} INFO - Setting next_dagrun for tutorial to 2025-03-12T20:51:12.639289+00:00, run_after=2025-03-13T20:51:12.639289+00:00
[2025-03-13T20:51:12.655+0000] {processor.py:175} INFO - Processing /home/airflow/.local/lib/python3.7/site-packages/airflow/example_dags/tutorial.py took 0.064 seconds
[2025-03-13T20:51:43.139+0000] {processor.py:153} INFO - Started process (PID=571) to work on /home/airflow/.local/lib/python3.7/site-packages/airflow/example_dags/tutorial.py
[2025-03-13T20:51:43.139+0000] {processor.py:743} INFO - Processing file /home/airflow/.local/lib/python3.7/site-packages/airflow/example_dags/tutorial.py for tasks to queue
[2025-03-13T20:51:43.139+0000] {logging_mixin.py:137} INFO - [2025-03-13T20:51:43.139+0000] {dagbag.py:538} INFO - Filling up the DagBag from /home/airflow/.local/lib/python3.7/site-packages/airflow/example_dags/tutorial.py
[2025-03-13T20:51:43.148+0000] {processor.py:753} INFO - DAG(s) dict_keys(['tutorial']) retrieved from /home/airflow/.local/lib/python3.7/site-packages/airflow/example_dags/tutorial.py
[2025-03-13T20:51:43.163+0000] {logging_mixin.py:137} INFO - [2025-03-13T20:51:43.163+0000] {dag.py:2690} INFO - Sync 1 DAGs
[2025-03-13T20:51:43.178+0000] {logging_mixin.py:137} INFO - [2025-03-13T20:51:43.178+0000] {dag.py:3441} INFO - Setting next_dagrun for tutorial to 2025-03-12T20:51:43.178435+00:00, run_after=2025-03-13T20:51:43.178435+00:00
[2025-03-13T20:51:43.192+0000] {processor.py:175} INFO - Processing /home/airflow/.local/lib/python3.7/site-packages/airflow/example_dags/tutorial.py took 0.055 seconds
